0 info it worked if it ends with ok
1 verbose cli [ '/usr/bin/node', '/usr/bin/npm', 'install' ]
2 info using npm@1.4.28
3 info using node@v0.10.37
4 verbose node symlink /usr/bin/node
5 verbose readDependencies using package.json deps
6 verbose install where, deps [ '/home/cassidyjames/Projects/elementary/houston',
6 verbose install   [ 'underscore',
6 verbose install     'hubkit',
6 verbose install     'body-parser',
6 verbose install     'cookie-parser',
6 verbose install     'debug',
6 verbose install     'express',
6 verbose install     'morgan',
6 verbose install     'serve-favicon',
6 verbose install     'express-handlebars',
6 verbose install     'passport',
6 verbose install     'passport-github',
6 verbose install     'express-session',
6 verbose install     'mongoose' ] ]
7 info preinstall houston@0.0.0
8 verbose readDependencies using package.json deps
9 verbose cache add [ 'underscore@~1.8.3', null ]
10 verbose cache add name=undefined spec="underscore@~1.8.3" args=["underscore@~1.8.3",null]
11 verbose parsed url { protocol: null,
11 verbose parsed url   slashes: null,
11 verbose parsed url   auth: null,
11 verbose parsed url   host: null,
11 verbose parsed url   port: null,
11 verbose parsed url   hostname: null,
11 verbose parsed url   hash: null,
11 verbose parsed url   search: null,
11 verbose parsed url   query: null,
11 verbose parsed url   pathname: 'underscore@~1.8.3',
11 verbose parsed url   path: 'underscore@~1.8.3',
11 verbose parsed url   href: 'underscore@~1.8.3' }
12 verbose cache add [ 'hubkit@~0.1.31', null ]
13 verbose cache add name=undefined spec="hubkit@~0.1.31" args=["hubkit@~0.1.31",null]
14 verbose parsed url { protocol: null,
14 verbose parsed url   slashes: null,
14 verbose parsed url   auth: null,
14 verbose parsed url   host: null,
14 verbose parsed url   port: null,
14 verbose parsed url   hostname: null,
14 verbose parsed url   hash: null,
14 verbose parsed url   search: null,
14 verbose parsed url   query: null,
14 verbose parsed url   pathname: 'hubkit@~0.1.31',
14 verbose parsed url   path: 'hubkit@~0.1.31',
14 verbose parsed url   href: 'hubkit@~0.1.31' }
15 verbose cache add [ 'body-parser@~1.12.3', null ]
16 verbose cache add name=undefined spec="body-parser@~1.12.3" args=["body-parser@~1.12.3",null]
17 verbose parsed url { protocol: null,
17 verbose parsed url   slashes: null,
17 verbose parsed url   auth: null,
17 verbose parsed url   host: null,
17 verbose parsed url   port: null,
17 verbose parsed url   hostname: null,
17 verbose parsed url   hash: null,
17 verbose parsed url   search: null,
17 verbose parsed url   query: null,
17 verbose parsed url   pathname: 'body-parser@~1.12.3',
17 verbose parsed url   path: 'body-parser@~1.12.3',
17 verbose parsed url   href: 'body-parser@~1.12.3' }
18 verbose cache add [ 'cookie-parser@~1.3.4', null ]
19 verbose cache add name=undefined spec="cookie-parser@~1.3.4" args=["cookie-parser@~1.3.4",null]
20 verbose parsed url { protocol: null,
20 verbose parsed url   slashes: null,
20 verbose parsed url   auth: null,
20 verbose parsed url   host: null,
20 verbose parsed url   port: null,
20 verbose parsed url   hostname: null,
20 verbose parsed url   hash: null,
20 verbose parsed url   search: null,
20 verbose parsed url   query: null,
20 verbose parsed url   pathname: 'cookie-parser@~1.3.4',
20 verbose parsed url   path: 'cookie-parser@~1.3.4',
20 verbose parsed url   href: 'cookie-parser@~1.3.4' }
21 verbose cache add name="underscore" spec="~1.8.3" args=["underscore","~1.8.3"]
22 verbose parsed url { protocol: null,
22 verbose parsed url   slashes: null,
22 verbose parsed url   auth: null,
22 verbose parsed url   host: null,
22 verbose parsed url   port: null,
22 verbose parsed url   hostname: null,
22 verbose parsed url   hash: null,
22 verbose parsed url   search: null,
22 verbose parsed url   query: null,
22 verbose parsed url   pathname: '~1.8.3',
22 verbose parsed url   path: '~1.8.3',
22 verbose parsed url   href: '~1.8.3' }
23 verbose addNamed [ 'underscore', '~1.8.3' ]
24 verbose addNamed [ null, '>=1.8.3-0 <1.9.0-0' ]
25 verbose cache add name="hubkit" spec="~0.1.31" args=["hubkit","~0.1.31"]
26 verbose parsed url { protocol: null,
26 verbose parsed url   slashes: null,
26 verbose parsed url   auth: null,
26 verbose parsed url   host: null,
26 verbose parsed url   port: null,
26 verbose parsed url   hostname: null,
26 verbose parsed url   hash: null,
26 verbose parsed url   search: null,
26 verbose parsed url   query: null,
26 verbose parsed url   pathname: '~0.1.31',
26 verbose parsed url   path: '~0.1.31',
26 verbose parsed url   href: '~0.1.31' }
27 verbose addNamed [ 'hubkit', '~0.1.31' ]
28 verbose addNamed [ null, '>=0.1.31-0 <0.2.0-0' ]
29 verbose cache add name="body-parser" spec="~1.12.3" args=["body-parser","~1.12.3"]
30 verbose parsed url { protocol: null,
30 verbose parsed url   slashes: null,
30 verbose parsed url   auth: null,
30 verbose parsed url   host: null,
30 verbose parsed url   port: null,
30 verbose parsed url   hostname: null,
30 verbose parsed url   hash: null,
30 verbose parsed url   search: null,
30 verbose parsed url   query: null,
30 verbose parsed url   pathname: '~1.12.3',
30 verbose parsed url   path: '~1.12.3',
30 verbose parsed url   href: '~1.12.3' }
31 verbose addNamed [ 'body-parser', '~1.12.3' ]
32 verbose addNamed [ null, '>=1.12.3-0 <1.13.0-0' ]
33 verbose cache add [ 'debug@~2.1.3', null ]
34 verbose cache add name=undefined spec="debug@~2.1.3" args=["debug@~2.1.3",null]
35 verbose parsed url { protocol: null,
35 verbose parsed url   slashes: null,
35 verbose parsed url   auth: null,
35 verbose parsed url   host: null,
35 verbose parsed url   port: null,
35 verbose parsed url   hostname: null,
35 verbose parsed url   hash: null,
35 verbose parsed url   search: null,
35 verbose parsed url   query: null,
35 verbose parsed url   pathname: 'debug@~2.1.3',
35 verbose parsed url   path: 'debug@~2.1.3',
35 verbose parsed url   href: 'debug@~2.1.3' }
36 verbose cache add [ 'express@~4.12.2', null ]
37 verbose cache add name=undefined spec="express@~4.12.2" args=["express@~4.12.2",null]
38 verbose parsed url { protocol: null,
38 verbose parsed url   slashes: null,
38 verbose parsed url   auth: null,
38 verbose parsed url   host: null,
38 verbose parsed url   port: null,
38 verbose parsed url   hostname: null,
38 verbose parsed url   hash: null,
38 verbose parsed url   search: null,
38 verbose parsed url   query: null,
38 verbose parsed url   pathname: 'express@~4.12.2',
38 verbose parsed url   path: 'express@~4.12.2',
38 verbose parsed url   href: 'express@~4.12.2' }
39 verbose cache add [ 'morgan@~1.5.2', null ]
40 verbose cache add name=undefined spec="morgan@~1.5.2" args=["morgan@~1.5.2",null]
41 verbose parsed url { protocol: null,
41 verbose parsed url   slashes: null,
41 verbose parsed url   auth: null,
41 verbose parsed url   host: null,
41 verbose parsed url   port: null,
41 verbose parsed url   hostname: null,
41 verbose parsed url   hash: null,
41 verbose parsed url   search: null,
41 verbose parsed url   query: null,
41 verbose parsed url   pathname: 'morgan@~1.5.2',
41 verbose parsed url   path: 'morgan@~1.5.2',
41 verbose parsed url   href: 'morgan@~1.5.2' }
42 verbose cache add name="cookie-parser" spec="~1.3.4" args=["cookie-parser","~1.3.4"]
43 verbose parsed url { protocol: null,
43 verbose parsed url   slashes: null,
43 verbose parsed url   auth: null,
43 verbose parsed url   host: null,
43 verbose parsed url   port: null,
43 verbose parsed url   hostname: null,
43 verbose parsed url   hash: null,
43 verbose parsed url   search: null,
43 verbose parsed url   query: null,
43 verbose parsed url   pathname: '~1.3.4',
43 verbose parsed url   path: '~1.3.4',
43 verbose parsed url   href: '~1.3.4' }
44 verbose addNamed [ 'cookie-parser', '~1.3.4' ]
45 verbose addNamed [ null, '>=1.3.4-0 <1.4.0-0' ]
46 silly lockFile 46877b9b-underscore-1-8-3 underscore@~1.8.3
47 verbose lock underscore@~1.8.3 /home/cassidyjames/.npm/46877b9b-underscore-1-8-3.lock
48 silly lockFile 1de11f6f-hubkit-0-1-31 hubkit@~0.1.31
49 verbose lock hubkit@~0.1.31 /home/cassidyjames/.npm/1de11f6f-hubkit-0-1-31.lock
50 silly lockFile 8401e703-body-parser-1-12-3 body-parser@~1.12.3
51 verbose lock body-parser@~1.12.3 /home/cassidyjames/.npm/8401e703-body-parser-1-12-3.lock
52 silly lockFile bb69fa92-cookie-parser-1-3-4 cookie-parser@~1.3.4
53 verbose lock cookie-parser@~1.3.4 /home/cassidyjames/.npm/bb69fa92-cookie-parser-1-3-4.lock
54 verbose cache add name="debug" spec="~2.1.3" args=["debug","~2.1.3"]
55 verbose parsed url { protocol: null,
55 verbose parsed url   slashes: null,
55 verbose parsed url   auth: null,
55 verbose parsed url   host: null,
55 verbose parsed url   port: null,
55 verbose parsed url   hostname: null,
55 verbose parsed url   hash: null,
55 verbose parsed url   search: null,
55 verbose parsed url   query: null,
55 verbose parsed url   pathname: '~2.1.3',
55 verbose parsed url   path: '~2.1.3',
55 verbose parsed url   href: '~2.1.3' }
56 verbose addNamed [ 'debug', '~2.1.3' ]
57 verbose addNamed [ null, '>=2.1.3-0 <2.2.0-0' ]
58 silly lockFile efc727c9-debug-2-1-3 debug@~2.1.3
59 verbose lock debug@~2.1.3 /home/cassidyjames/.npm/efc727c9-debug-2-1-3.lock
60 verbose cache add name="express" spec="~4.12.2" args=["express","~4.12.2"]
61 verbose parsed url { protocol: null,
61 verbose parsed url   slashes: null,
61 verbose parsed url   auth: null,
61 verbose parsed url   host: null,
61 verbose parsed url   port: null,
61 verbose parsed url   hostname: null,
61 verbose parsed url   hash: null,
61 verbose parsed url   search: null,
61 verbose parsed url   query: null,
61 verbose parsed url   pathname: '~4.12.2',
61 verbose parsed url   path: '~4.12.2',
61 verbose parsed url   href: '~4.12.2' }
62 verbose addNamed [ 'express', '~4.12.2' ]
63 verbose addNamed [ null, '>=4.12.2-0 <4.13.0-0' ]
64 silly lockFile 702f5120-express-4-12-2 express@~4.12.2
65 verbose lock express@~4.12.2 /home/cassidyjames/.npm/702f5120-express-4-12-2.lock
66 verbose cache add [ 'serve-favicon@~2.2.0', null ]
67 verbose cache add name=undefined spec="serve-favicon@~2.2.0" args=["serve-favicon@~2.2.0",null]
68 verbose parsed url { protocol: null,
68 verbose parsed url   slashes: null,
68 verbose parsed url   auth: null,
68 verbose parsed url   host: null,
68 verbose parsed url   port: null,
68 verbose parsed url   hostname: null,
68 verbose parsed url   hash: null,
68 verbose parsed url   search: null,
68 verbose parsed url   query: null,
68 verbose parsed url   pathname: 'serve-favicon@~2.2.0',
68 verbose parsed url   path: 'serve-favicon@~2.2.0',
68 verbose parsed url   href: 'serve-favicon@~2.2.0' }
69 verbose cache add [ 'express-handlebars@~2.0.1', null ]
70 verbose cache add name=undefined spec="express-handlebars@~2.0.1" args=["express-handlebars@~2.0.1",null]
71 verbose parsed url { protocol: null,
71 verbose parsed url   slashes: null,
71 verbose parsed url   auth: null,
71 verbose parsed url   host: null,
71 verbose parsed url   port: null,
71 verbose parsed url   hostname: null,
71 verbose parsed url   hash: null,
71 verbose parsed url   search: null,
71 verbose parsed url   query: null,
71 verbose parsed url   pathname: 'express-handlebars@~2.0.1',
71 verbose parsed url   path: 'express-handlebars@~2.0.1',
71 verbose parsed url   href: 'express-handlebars@~2.0.1' }
72 verbose cache add [ 'passport@~0.2.1', null ]
73 verbose cache add name=undefined spec="passport@~0.2.1" args=["passport@~0.2.1",null]
74 verbose parsed url { protocol: null,
74 verbose parsed url   slashes: null,
74 verbose parsed url   auth: null,
74 verbose parsed url   host: null,
74 verbose parsed url   port: null,
74 verbose parsed url   hostname: null,
74 verbose parsed url   hash: null,
74 verbose parsed url   search: null,
74 verbose parsed url   query: null,
74 verbose parsed url   pathname: 'passport@~0.2.1',
74 verbose parsed url   path: 'passport@~0.2.1',
74 verbose parsed url   href: 'passport@~0.2.1' }
75 verbose cache add [ 'passport-github@~0.1.5', null ]
76 verbose cache add name=undefined spec="passport-github@~0.1.5" args=["passport-github@~0.1.5",null]
77 verbose parsed url { protocol: null,
77 verbose parsed url   slashes: null,
77 verbose parsed url   auth: null,
77 verbose parsed url   host: null,
77 verbose parsed url   port: null,
77 verbose parsed url   hostname: null,
77 verbose parsed url   hash: null,
77 verbose parsed url   search: null,
77 verbose parsed url   query: null,
77 verbose parsed url   pathname: 'passport-github@~0.1.5',
77 verbose parsed url   path: 'passport-github@~0.1.5',
77 verbose parsed url   href: 'passport-github@~0.1.5' }
78 verbose cache add [ 'express-session@~1.11.1', null ]
79 verbose cache add name=undefined spec="express-session@~1.11.1" args=["express-session@~1.11.1",null]
80 verbose parsed url { protocol: null,
80 verbose parsed url   slashes: null,
80 verbose parsed url   auth: null,
80 verbose parsed url   host: null,
80 verbose parsed url   port: null,
80 verbose parsed url   hostname: null,
80 verbose parsed url   hash: null,
80 verbose parsed url   search: null,
80 verbose parsed url   query: null,
80 verbose parsed url   pathname: 'express-session@~1.11.1',
80 verbose parsed url   path: 'express-session@~1.11.1',
80 verbose parsed url   href: 'express-session@~1.11.1' }
81 verbose cache add name="morgan" spec="~1.5.2" args=["morgan","~1.5.2"]
82 verbose parsed url { protocol: null,
82 verbose parsed url   slashes: null,
82 verbose parsed url   auth: null,
82 verbose parsed url   host: null,
82 verbose parsed url   port: null,
82 verbose parsed url   hostname: null,
82 verbose parsed url   hash: null,
82 verbose parsed url   search: null,
82 verbose parsed url   query: null,
82 verbose parsed url   pathname: '~1.5.2',
82 verbose parsed url   path: '~1.5.2',
82 verbose parsed url   href: '~1.5.2' }
83 verbose addNamed [ 'morgan', '~1.5.2' ]
84 verbose addNamed [ null, '>=1.5.2-0 <1.6.0-0' ]
85 silly lockFile 711ba572-morgan-1-5-2 morgan@~1.5.2
86 verbose lock morgan@~1.5.2 /home/cassidyjames/.npm/711ba572-morgan-1-5-2.lock
87 verbose cache add [ 'mongoose@~4.0.2', null ]
88 verbose cache add name=undefined spec="mongoose@~4.0.2" args=["mongoose@~4.0.2",null]
89 verbose parsed url { protocol: null,
89 verbose parsed url   slashes: null,
89 verbose parsed url   auth: null,
89 verbose parsed url   host: null,
89 verbose parsed url   port: null,
89 verbose parsed url   hostname: null,
89 verbose parsed url   hash: null,
89 verbose parsed url   search: null,
89 verbose parsed url   query: null,
89 verbose parsed url   pathname: 'mongoose@~4.0.2',
89 verbose parsed url   path: 'mongoose@~4.0.2',
89 verbose parsed url   href: 'mongoose@~4.0.2' }
90 verbose cache add name="serve-favicon" spec="~2.2.0" args=["serve-favicon","~2.2.0"]
91 verbose parsed url { protocol: null,
91 verbose parsed url   slashes: null,
91 verbose parsed url   auth: null,
91 verbose parsed url   host: null,
91 verbose parsed url   port: null,
91 verbose parsed url   hostname: null,
91 verbose parsed url   hash: null,
91 verbose parsed url   search: null,
91 verbose parsed url   query: null,
91 verbose parsed url   pathname: '~2.2.0',
91 verbose parsed url   path: '~2.2.0',
91 verbose parsed url   href: '~2.2.0' }
92 verbose addNamed [ 'serve-favicon', '~2.2.0' ]
93 verbose addNamed [ null, '>=2.2.0-0 <2.3.0-0' ]
94 silly lockFile 9df5bad7-serve-favicon-2-2-0 serve-favicon@~2.2.0
95 verbose lock serve-favicon@~2.2.0 /home/cassidyjames/.npm/9df5bad7-serve-favicon-2-2-0.lock
96 verbose cache add name="express-handlebars" spec="~2.0.1" args=["express-handlebars","~2.0.1"]
97 verbose parsed url { protocol: null,
97 verbose parsed url   slashes: null,
97 verbose parsed url   auth: null,
97 verbose parsed url   host: null,
97 verbose parsed url   port: null,
97 verbose parsed url   hostname: null,
97 verbose parsed url   hash: null,
97 verbose parsed url   search: null,
97 verbose parsed url   query: null,
97 verbose parsed url   pathname: '~2.0.1',
97 verbose parsed url   path: '~2.0.1',
97 verbose parsed url   href: '~2.0.1' }
98 verbose addNamed [ 'express-handlebars', '~2.0.1' ]
99 verbose addNamed [ null, '>=2.0.1-0 <2.1.0-0' ]
100 silly lockFile 9acda559-express-handlebars-2-0-1 express-handlebars@~2.0.1
101 verbose lock express-handlebars@~2.0.1 /home/cassidyjames/.npm/9acda559-express-handlebars-2-0-1.lock
102 verbose cache add name="passport" spec="~0.2.1" args=["passport","~0.2.1"]
103 verbose parsed url { protocol: null,
103 verbose parsed url   slashes: null,
103 verbose parsed url   auth: null,
103 verbose parsed url   host: null,
103 verbose parsed url   port: null,
103 verbose parsed url   hostname: null,
103 verbose parsed url   hash: null,
103 verbose parsed url   search: null,
103 verbose parsed url   query: null,
103 verbose parsed url   pathname: '~0.2.1',
103 verbose parsed url   path: '~0.2.1',
103 verbose parsed url   href: '~0.2.1' }
104 verbose addNamed [ 'passport', '~0.2.1' ]
105 verbose addNamed [ null, '>=0.2.1-0 <0.3.0-0' ]
106 silly lockFile 1fd79679-passport-0-2-1 passport@~0.2.1
107 verbose lock passport@~0.2.1 /home/cassidyjames/.npm/1fd79679-passport-0-2-1.lock
108 verbose cache add name="passport-github" spec="~0.1.5" args=["passport-github","~0.1.5"]
109 verbose parsed url { protocol: null,
109 verbose parsed url   slashes: null,
109 verbose parsed url   auth: null,
109 verbose parsed url   host: null,
109 verbose parsed url   port: null,
109 verbose parsed url   hostname: null,
109 verbose parsed url   hash: null,
109 verbose parsed url   search: null,
109 verbose parsed url   query: null,
109 verbose parsed url   pathname: '~0.1.5',
109 verbose parsed url   path: '~0.1.5',
109 verbose parsed url   href: '~0.1.5' }
110 verbose addNamed [ 'passport-github', '~0.1.5' ]
111 verbose addNamed [ null, '>=0.1.5-0 <0.2.0-0' ]
112 silly lockFile 48b62dda-passport-github-0-1-5 passport-github@~0.1.5
113 verbose lock passport-github@~0.1.5 /home/cassidyjames/.npm/48b62dda-passport-github-0-1-5.lock
114 verbose cache add name="express-session" spec="~1.11.1" args=["express-session","~1.11.1"]
115 verbose parsed url { protocol: null,
115 verbose parsed url   slashes: null,
115 verbose parsed url   auth: null,
115 verbose parsed url   host: null,
115 verbose parsed url   port: null,
115 verbose parsed url   hostname: null,
115 verbose parsed url   hash: null,
115 verbose parsed url   search: null,
115 verbose parsed url   query: null,
115 verbose parsed url   pathname: '~1.11.1',
115 verbose parsed url   path: '~1.11.1',
115 verbose parsed url   href: '~1.11.1' }
116 verbose addNamed [ 'express-session', '~1.11.1' ]
117 verbose addNamed [ null, '>=1.11.1-0 <1.12.0-0' ]
118 silly lockFile 4235f6c4-express-session-1-11-1 express-session@~1.11.1
119 verbose lock express-session@~1.11.1 /home/cassidyjames/.npm/4235f6c4-express-session-1-11-1.lock
120 verbose cache add name="mongoose" spec="~4.0.2" args=["mongoose","~4.0.2"]
121 verbose parsed url { protocol: null,
121 verbose parsed url   slashes: null,
121 verbose parsed url   auth: null,
121 verbose parsed url   host: null,
121 verbose parsed url   port: null,
121 verbose parsed url   hostname: null,
121 verbose parsed url   hash: null,
121 verbose parsed url   search: null,
121 verbose parsed url   query: null,
121 verbose parsed url   pathname: '~4.0.2',
121 verbose parsed url   path: '~4.0.2',
121 verbose parsed url   href: '~4.0.2' }
122 verbose addNamed [ 'mongoose', '~4.0.2' ]
123 verbose addNamed [ null, '>=4.0.2-0 <4.1.0-0' ]
124 silly lockFile 4de4dfd2-mongoose-4-0-2 mongoose@~4.0.2
125 verbose lock mongoose@~4.0.2 /home/cassidyjames/.npm/4de4dfd2-mongoose-4-0-2.lock
126 silly addNameRange { name: 'underscore',
126 silly addNameRange   range: '>=1.8.3-0 <1.9.0-0',
126 silly addNameRange   hasData: false }
127 silly addNameRange { name: 'debug', range: '>=2.1.3-0 <2.2.0-0', hasData: false }
128 silly addNameRange { name: 'hubkit', range: '>=0.1.31-0 <0.2.0-0', hasData: false }
129 silly addNameRange { name: 'body-parser',
129 silly addNameRange   range: '>=1.12.3-0 <1.13.0-0',
129 silly addNameRange   hasData: false }
130 silly addNameRange { name: 'cookie-parser',
130 silly addNameRange   range: '>=1.3.4-0 <1.4.0-0',
130 silly addNameRange   hasData: false }
131 silly addNameRange { name: 'express',
131 silly addNameRange   range: '>=4.12.2-0 <4.13.0-0',
131 silly addNameRange   hasData: false }
132 silly addNameRange { name: 'morgan', range: '>=1.5.2-0 <1.6.0-0', hasData: false }
133 silly addNameRange { name: 'serve-favicon',
133 silly addNameRange   range: '>=2.2.0-0 <2.3.0-0',
133 silly addNameRange   hasData: false }
134 silly addNameRange { name: 'express-session',
134 silly addNameRange   range: '>=1.11.1-0 <1.12.0-0',
134 silly addNameRange   hasData: false }
135 verbose request where is /underscore
136 verbose request registry https://registry.npmjs.org/
137 verbose request id 20d931a552d4d4d0
138 verbose url raw /underscore
139 verbose url resolving [ 'https://registry.npmjs.org/', './underscore' ]
140 verbose url resolved https://registry.npmjs.org/underscore
141 verbose request where is https://registry.npmjs.org/underscore
142 info trying registry request attempt 1 at 14:47:04
143 http GET https://registry.npmjs.org/underscore
144 silly addNameRange { name: 'express-handlebars',
144 silly addNameRange   range: '>=2.0.1-0 <2.1.0-0',
144 silly addNameRange   hasData: false }
145 silly addNameRange { name: 'mongoose', range: '>=4.0.2-0 <4.1.0-0', hasData: false }
146 silly addNameRange { name: 'passport', range: '>=0.2.1-0 <0.3.0-0', hasData: false }
147 silly addNameRange { name: 'passport-github',
147 silly addNameRange   range: '>=0.1.5-0 <0.2.0-0',
147 silly addNameRange   hasData: false }
148 verbose request where is /hubkit
149 verbose request registry https://registry.npmjs.org/
150 verbose url raw /hubkit
151 verbose url resolving [ 'https://registry.npmjs.org/', './hubkit' ]
152 verbose url resolved https://registry.npmjs.org/hubkit
153 verbose request where is https://registry.npmjs.org/hubkit
154 info trying registry request attempt 1 at 14:47:04
155 http GET https://registry.npmjs.org/hubkit
156 verbose request where is /morgan
157 verbose request registry https://registry.npmjs.org/
158 verbose url raw /morgan
159 verbose url resolving [ 'https://registry.npmjs.org/', './morgan' ]
160 verbose url resolved https://registry.npmjs.org/morgan
161 verbose request where is https://registry.npmjs.org/morgan
162 info trying registry request attempt 1 at 14:47:04
163 http GET https://registry.npmjs.org/morgan
164 verbose request where is /serve-favicon
165 verbose request registry https://registry.npmjs.org/
166 verbose url raw /serve-favicon
167 verbose url resolving [ 'https://registry.npmjs.org/', './serve-favicon' ]
168 verbose url resolved https://registry.npmjs.org/serve-favicon
169 verbose request where is https://registry.npmjs.org/serve-favicon
170 info trying registry request attempt 1 at 14:47:04
171 http GET https://registry.npmjs.org/serve-favicon
172 verbose request where is /express-session
173 verbose request registry https://registry.npmjs.org/
174 verbose url raw /express-session
175 verbose url resolving [ 'https://registry.npmjs.org/', './express-session' ]
176 verbose url resolved https://registry.npmjs.org/express-session
177 verbose request where is https://registry.npmjs.org/express-session
178 info trying registry request attempt 1 at 14:47:04
179 http GET https://registry.npmjs.org/express-session
180 verbose request where is /cookie-parser
181 verbose request registry https://registry.npmjs.org/
182 verbose url raw /cookie-parser
183 verbose url resolving [ 'https://registry.npmjs.org/', './cookie-parser' ]
184 verbose url resolved https://registry.npmjs.org/cookie-parser
185 verbose request where is https://registry.npmjs.org/cookie-parser
186 info trying registry request attempt 1 at 14:47:04
187 http GET https://registry.npmjs.org/cookie-parser
188 verbose request where is /express-handlebars
189 verbose request registry https://registry.npmjs.org/
190 verbose url raw /express-handlebars
191 verbose url resolving [ 'https://registry.npmjs.org/', './express-handlebars' ]
192 verbose url resolved https://registry.npmjs.org/express-handlebars
193 verbose request where is https://registry.npmjs.org/express-handlebars
194 info trying registry request attempt 1 at 14:47:04
195 http GET https://registry.npmjs.org/express-handlebars
196 verbose request where is /mongoose
197 verbose request registry https://registry.npmjs.org/
198 verbose url raw /mongoose
199 verbose url resolving [ 'https://registry.npmjs.org/', './mongoose' ]
200 verbose url resolved https://registry.npmjs.org/mongoose
201 verbose request where is https://registry.npmjs.org/mongoose
202 info trying registry request attempt 1 at 14:47:04
203 http GET https://registry.npmjs.org/mongoose
204 verbose request where is /passport
205 verbose request registry https://registry.npmjs.org/
206 verbose url raw /passport
207 verbose url resolving [ 'https://registry.npmjs.org/', './passport' ]
208 verbose url resolved https://registry.npmjs.org/passport
209 verbose request where is https://registry.npmjs.org/passport
210 info trying registry request attempt 1 at 14:47:04
211 http GET https://registry.npmjs.org/passport
212 verbose request where is /passport-github
213 verbose request registry https://registry.npmjs.org/
214 verbose url raw /passport-github
215 verbose url resolving [ 'https://registry.npmjs.org/', './passport-github' ]
216 verbose url resolved https://registry.npmjs.org/passport-github
217 verbose request where is https://registry.npmjs.org/passport-github
218 info trying registry request attempt 1 at 14:47:04
219 http GET https://registry.npmjs.org/passport-github
220 verbose request where is /debug
221 verbose request registry https://registry.npmjs.org/
222 verbose url raw /debug
223 verbose url resolving [ 'https://registry.npmjs.org/', './debug' ]
224 verbose url resolved https://registry.npmjs.org/debug
225 verbose request where is https://registry.npmjs.org/debug
226 info trying registry request attempt 1 at 14:47:04
227 verbose etag "8H4L45HGXGDN8GPKEY4WTFS2Y"
228 http GET https://registry.npmjs.org/debug
229 verbose request where is /body-parser
230 verbose request registry https://registry.npmjs.org/
231 verbose url raw /body-parser
232 verbose url resolving [ 'https://registry.npmjs.org/', './body-parser' ]
233 verbose url resolved https://registry.npmjs.org/body-parser
234 verbose request where is https://registry.npmjs.org/body-parser
235 info trying registry request attempt 1 at 14:47:05
236 verbose etag "1X110NJOXQGQD6OXPAK6D2GCT"
237 http GET https://registry.npmjs.org/body-parser
238 http 200 https://registry.npmjs.org/morgan
239 silly registry.get cb [ 200,
239 silly registry.get   { server: 'CouchDB/1.5.0 (Erlang OTP/R16B03)',
239 silly registry.get     etag: '"2LMEF977TR0XZ9OVWJ18U736U"',
239 silly registry.get     'content-type': 'application/json',
239 silly registry.get     'cache-control': 'max-age=60',
239 silly registry.get     'content-length': '39882',
239 silly registry.get     'accept-ranges': 'bytes',
239 silly registry.get     date: 'Sat, 27 Jun 2015 20:47:04 GMT',
239 silly registry.get     via: '1.1 varnish',
239 silly registry.get     age: '11',
239 silly registry.get     connection: 'keep-alive',
239 silly registry.get     'x-served-by': 'cache-lax1427-LAX',
239 silly registry.get     'x-cache': 'HIT',
239 silly registry.get     'x-cache-hits': '1',
239 silly registry.get     'x-timer': 'S1435438024.633085,VS0,VE0',
239 silly registry.get     vary: 'Accept' } ]
240 http 200 https://registry.npmjs.org/underscore
241 silly registry.get cb [ 200,
241 silly registry.get   { server: 'CouchDB/1.5.0 (Erlang OTP/R16B03)',
241 silly registry.get     etag: '"3UQP1FXOKYE5RILZ0ME3VNRI2"',
241 silly registry.get     'content-type': 'application/json',
241 silly registry.get     'cache-control': 'max-age=60',
241 silly registry.get     'content-length': '40796',
241 silly registry.get     'accept-ranges': 'bytes',
241 silly registry.get     date: 'Sat, 27 Jun 2015 20:47:04 GMT',
241 silly registry.get     via: '1.1 varnish',
241 silly registry.get     age: '56',
241 silly registry.get     connection: 'keep-alive',
241 silly registry.get     'x-served-by': 'cache-lax1433-LAX',
241 silly registry.get     'x-cache': 'HIT',
241 silly registry.get     'x-cache-hits': '1',
241 silly registry.get     'x-timer': 'S1435438024.633082,VS0,VE0',
241 silly registry.get     vary: 'Accept' } ]
242 silly addNameRange number 2 { name: 'underscore',
242 silly addNameRange   range: '>=1.8.3-0 <1.9.0-0',
242 silly addNameRange   hasData: true }
243 silly addNameRange versions [ 'underscore',
243 silly addNameRange   [ '1.0.3',
243 silly addNameRange     '1.0.4',
243 silly addNameRange     '1.1.0',
243 silly addNameRange     '1.1.1',
243 silly addNameRange     '1.1.2',
243 silly addNameRange     '1.1.3',
243 silly addNameRange     '1.1.4',
243 silly addNameRange     '1.1.5',
243 silly addNameRange     '1.1.6',
243 silly addNameRange     '1.1.7',
243 silly addNameRange     '1.2.0',
243 silly addNameRange     '1.2.1',
243 silly addNameRange     '1.2.2',
243 silly addNameRange     '1.2.3',
243 silly addNameRange     '1.2.4',
243 silly addNameRange     '1.3.0',
243 silly addNameRange     '1.3.1',
243 silly addNameRange     '1.3.2',
243 silly addNameRange     '1.3.3',
243 silly addNameRange     '1.4.0',
243 silly addNameRange     '1.4.1',
243 silly addNameRange     '1.4.2',
243 silly addNameRange     '1.4.3',
243 silly addNameRange     '1.4.4',
243 silly addNameRange     '1.5.0',
243 silly addNameRange     '1.5.1',
243 silly addNameRange     '1.5.2',
243 silly addNameRange     '1.6.0',
243 silly addNameRange     '1.7.0',
243 silly addNameRange     '1.8.0',
243 silly addNameRange     '1.8.1',
243 silly addNameRange     '1.8.2',
243 silly addNameRange     '1.8.3' ] ]
244 verbose addNamed [ 'underscore', '1.8.3' ]
245 verbose addNamed [ '1.8.3', '1.8.3' ]
246 silly lockFile e5e32fca-underscore-1-8-3 underscore@1.8.3
247 verbose lock underscore@1.8.3 /home/cassidyjames/.npm/e5e32fca-underscore-1-8-3.lock
248 silly addNameRange number 2 { name: 'morgan', range: '>=1.5.2-0 <1.6.0-0', hasData: true }
249 silly addNameRange versions [ 'morgan',
249 silly addNameRange   [ '1.0.0',
249 silly addNameRange     '1.0.1',
249 silly addNameRange     '1.1.0',
249 silly addNameRange     '1.1.1',
249 silly addNameRange     '1.2.0',
249 silly addNameRange     '1.2.1',
249 silly addNameRange     '1.2.2',
249 silly addNameRange     '1.2.3',
249 silly addNameRange     '1.3.0',
249 silly addNameRange     '1.3.1',
249 silly addNameRange     '1.3.2',
249 silly addNameRange     '1.4.0',
249 silly addNameRange     '1.4.1',
249 silly addNameRange     '1.5.0',
249 silly addNameRange     '1.5.1',
249 silly addNameRange     '1.5.2',
249 silly addNameRange     '1.5.3',
249 silly addNameRange     '1.6.0' ] ]
250 verbose addNamed [ 'morgan', '1.5.3' ]
251 verbose addNamed [ '1.5.3', '1.5.3' ]
252 silly lockFile 012ce855-morgan-1-5-3 morgan@1.5.3
253 verbose lock morgan@1.5.3 /home/cassidyjames/.npm/012ce855-morgan-1-5-3.lock
254 http 200 https://registry.npmjs.org/express-session
255 silly registry.get cb [ 200,
255 silly registry.get   { server: 'CouchDB/1.5.0 (Erlang OTP/R16B03)',
255 silly registry.get     etag: '"9OHNLV17ZY2OPO9I6F2MTA8U"',
255 silly registry.get     'content-type': 'application/json',
255 silly registry.get     'cache-control': 'max-age=60',
255 silly registry.get     'content-length': '86997',
255 silly registry.get     'accept-ranges': 'bytes',
255 silly registry.get     date: 'Sat, 27 Jun 2015 20:47:04 GMT',
255 silly registry.get     via: '1.1 varnish',
255 silly registry.get     age: '11',
255 silly registry.get     connection: 'keep-alive',
255 silly registry.get     'x-served-by': 'cache-lax1434-LAX',
255 silly registry.get     'x-cache': 'HIT',
255 silly registry.get     'x-cache-hits': '1',
255 silly registry.get     'x-timer': 'S1435438024.633066,VS0,VE0',
255 silly registry.get     vary: 'Accept' } ]
256 http 200 https://registry.npmjs.org/cookie-parser
257 silly registry.get cb [ 200,
257 silly registry.get   { server: 'CouchDB/1.5.0 (Erlang OTP/R16B03)',
257 silly registry.get     etag: '"DLPPHHGG55OXESQMLEF5U3MXV"',
257 silly registry.get     'content-type': 'application/json',
257 silly registry.get     'cache-control': 'max-age=60',
257 silly registry.get     'content-length': '17249',
257 silly registry.get     'accept-ranges': 'bytes',
257 silly registry.get     date: 'Sat, 27 Jun 2015 20:47:04 GMT',
257 silly registry.get     via: '1.1 varnish',
257 silly registry.get     age: '10',
257 silly registry.get     connection: 'keep-alive',
257 silly registry.get     'x-served-by': 'cache-lax1427-LAX',
257 silly registry.get     'x-cache': 'HIT',
257 silly registry.get     'x-cache-hits': '1',
257 silly registry.get     'x-timer': 'S1435438024.770232,VS0,VE0',
257 silly registry.get     vary: 'Accept' } ]
258 verbose request where is /express
259 verbose request registry https://registry.npmjs.org/
260 verbose url raw /express
261 verbose url resolving [ 'https://registry.npmjs.org/', './express' ]
262 verbose url resolved https://registry.npmjs.org/express
263 verbose request where is https://registry.npmjs.org/express
264 info trying registry request attempt 1 at 14:47:05
265 verbose etag "6EH2ZNT7KJ1IPNFIIHFH0IBYB"
266 http GET https://registry.npmjs.org/express
267 silly lockFile 491383d5-pmjs-org-morgan-morgan-1-5-3-tgz https://registry.npmjs.org/morgan/-/morgan-1.5.3.tgz
268 verbose lock https://registry.npmjs.org/morgan/-/morgan-1.5.3.tgz /home/cassidyjames/.npm/491383d5-pmjs-org-morgan-morgan-1-5-3-tgz.lock
269 http 200 https://registry.npmjs.org/express-handlebars
270 silly registry.get cb [ 200,
270 silly registry.get   { server: 'CouchDB/1.5.0 (Erlang OTP/R16B03)',
270 silly registry.get     etag: '"BS1J70FGZ2VGD6SEHERAM2VT2"',
270 silly registry.get     'content-type': 'application/json',
270 silly registry.get     'cache-control': 'max-age=60',
270 silly registry.get     'content-length': '43538',
270 silly registry.get     'accept-ranges': 'bytes',
270 silly registry.get     date: 'Sat, 27 Jun 2015 20:47:04 GMT',
270 silly registry.get     via: '1.1 varnish',
270 silly registry.get     age: '44',
270 silly registry.get     connection: 'keep-alive',
270 silly registry.get     'x-served-by': 'cache-lax1433-LAX',
270 silly registry.get     'x-cache': 'HIT',
270 silly registry.get     'x-cache-hits': '2',
270 silly registry.get     'x-timer': 'S1435438024.770269,VS0,VE0',
270 silly registry.get     vary: 'Accept' } ]
271 verbose addRemoteTarball [ 'https://registry.npmjs.org/morgan/-/morgan-1.5.3.tgz',
271 verbose addRemoteTarball   '8adb4e72f9e5c5436e5d93f42910835f79da9fdf' ]
272 silly lockFile d5ea30aa--underscore-underscore-1-8-3-tgz https://registry.npmjs.org/underscore/-/underscore-1.8.3.tgz
273 verbose lock https://registry.npmjs.org/underscore/-/underscore-1.8.3.tgz /home/cassidyjames/.npm/d5ea30aa--underscore-underscore-1-8-3-tgz.lock
274 silly addNameRange number 2 { name: 'cookie-parser',
274 silly addNameRange   range: '>=1.3.4-0 <1.4.0-0',
274 silly addNameRange   hasData: true }
275 silly addNameRange versions [ 'cookie-parser',
275 silly addNameRange   [ '1.0.0',
275 silly addNameRange     '1.0.1',
275 silly addNameRange     '1.1.0',
275 silly addNameRange     '1.2.0',
275 silly addNameRange     '1.3.0',
275 silly addNameRange     '1.3.1',
275 silly addNameRange     '1.3.2',
275 silly addNameRange     '1.3.3',
275 silly addNameRange     '1.3.4',
275 silly addNameRange     '1.3.5' ] ]
276 verbose addNamed [ 'cookie-parser', '1.3.5' ]
277 verbose addNamed [ '1.3.5', '1.3.5' ]
278 silly lockFile b6f1abc3-cookie-parser-1-3-5 cookie-parser@1.3.5
279 verbose lock cookie-parser@1.3.5 /home/cassidyjames/.npm/b6f1abc3-cookie-parser-1-3-5.lock
280 silly addNameRange number 2 { name: 'express-session',
280 silly addNameRange   range: '>=1.11.1-0 <1.12.0-0',
280 silly addNameRange   hasData: true }
281 silly addNameRange versions [ 'express-session',
281 silly addNameRange   [ '1.0.0',
281 silly addNameRange     '1.0.1',
281 silly addNameRange     '1.0.2',
281 silly addNameRange     '1.0.3',
281 silly addNameRange     '1.0.4',
281 silly addNameRange     '1.1.0',
281 silly addNameRange     '1.2.0',
281 silly addNameRange     '1.2.1',
281 silly addNameRange     '1.3.0',
281 silly addNameRange     '1.3.1',
281 silly addNameRange     '1.4.0',
281 silly addNameRange     '1.5.0',
281 silly addNameRange     '1.5.1',
281 silly addNameRange     '1.5.2',
281 silly addNameRange     '1.6.0',
281 silly addNameRange     '1.6.1',
281 silly addNameRange     '1.6.2',
281 silly addNameRange     '1.6.3',
281 silly addNameRange     '1.6.4',
281 silly addNameRange     '1.6.5',
281 silly addNameRange     '1.7.0',
281 silly addNameRange     '1.7.1',
281 silly addNameRange     '1.7.2',
281 silly addNameRange     '1.7.3',
281 silly addNameRange     '1.7.4',
281 silly addNameRange     '1.7.5',
281 silly addNameRange     '1.7.6',
281 silly addNameRange     '1.8.0',
281 silly addNameRange     '1.8.1',
281 silly addNameRange     '1.8.2',
281 silly addNameRange     '1.9.0',
281 silly addNameRange     '1.9.1',
281 silly addNameRange     '1.9.2',
281 silly addNameRange     '1.9.3',
281 silly addNameRange     '1.10.0',
281 silly addNameRange     '1.10.1',
281 silly addNameRange     '1.10.2',
281 silly addNameRange     '1.10.3',
281 silly addNameRange     '1.10.4',
281 silly addNameRange     '1.11.0',
281 silly addNameRange     '1.11.1',
281 silly addNameRange     '1.11.2',
281 silly addNameRange     '1.11.3' ] ]
282 verbose addNamed [ 'express-session', '1.11.3' ]
283 verbose addNamed [ '1.11.3', '1.11.3' ]
284 silly lockFile f67288dc-express-session-1-11-3 express-session@1.11.3
285 verbose lock express-session@1.11.3 /home/cassidyjames/.npm/f67288dc-express-session-1-11-3.lock
286 silly addNameRange number 2 { name: 'express-handlebars',
286 silly addNameRange   range: '>=2.0.1-0 <2.1.0-0',
286 silly addNameRange   hasData: true }
287 silly addNameRange versions [ 'express-handlebars',
287 silly addNameRange   [ '0.0.1',
287 silly addNameRange     '0.0.2',
287 silly addNameRange     '1.0.0-rc-1',
287 silly addNameRange     '1.0.0-rc-2',
287 silly addNameRange     '1.0.0',
287 silly addNameRange     '1.0.1',
287 silly addNameRange     '1.0.2',
287 silly addNameRange     '1.0.3',
287 silly addNameRange     '1.1.0',
287 silly addNameRange     '1.2.0',
287 silly addNameRange     '1.2.1',
287 silly addNameRange     '1.2.2',
287 silly addNameRange     '2.0.0',
287 silly addNameRange     '2.0.1' ] ]
288 verbose addNamed [ 'express-handlebars', '2.0.1' ]
289 verbose addNamed [ '2.0.1', '2.0.1' ]
290 silly lockFile da0d4227-express-handlebars-2-0-1 express-handlebars@2.0.1
291 verbose lock express-handlebars@2.0.1 /home/cassidyjames/.npm/da0d4227-express-handlebars-2-0-1.lock
292 info retry fetch attempt 1 at 14:47:05
293 verbose fetch to= /tmp/npm-3072-ELfTqR21/registry.npmjs.org/morgan/-/morgan-1.5.3.tgz
294 verbose addRemoteTarball [ 'https://registry.npmjs.org/underscore/-/underscore-1.8.3.tgz',
294 verbose addRemoteTarball   '4f3fb53b106e6097fcf9cb4109f2a5e9bdfa5022' ]
295 http GET https://registry.npmjs.org/morgan/-/morgan-1.5.3.tgz
296 info retry fetch attempt 1 at 14:47:05
297 verbose fetch to= /tmp/npm-3072-ELfTqR21/registry.npmjs.org/underscore/-/underscore-1.8.3.tgz
298 http GET https://registry.npmjs.org/underscore/-/underscore-1.8.3.tgz
299 silly lockFile 4c901309-e-parser-cookie-parser-1-3-5-tgz https://registry.npmjs.org/cookie-parser/-/cookie-parser-1.3.5.tgz
300 verbose lock https://registry.npmjs.org/cookie-parser/-/cookie-parser-1.3.5.tgz /home/cassidyjames/.npm/4c901309-e-parser-cookie-parser-1-3-5-tgz.lock
301 silly lockFile c09bdc8b-ssion-express-session-1-11-3-tgz https://registry.npmjs.org/express-session/-/express-session-1.11.3.tgz
302 verbose lock https://registry.npmjs.org/express-session/-/express-session-1.11.3.tgz /home/cassidyjames/.npm/c09bdc8b-ssion-express-session-1-11-3-tgz.lock
303 silly lockFile b4df627e-ars-express-handlebars-2-0-1-tgz https://registry.npmjs.org/express-handlebars/-/express-handlebars-2.0.1.tgz
304 verbose lock https://registry.npmjs.org/express-handlebars/-/express-handlebars-2.0.1.tgz /home/cassidyjames/.npm/b4df627e-ars-express-handlebars-2-0-1-tgz.lock
305 verbose addRemoteTarball [ 'https://registry.npmjs.org/cookie-parser/-/cookie-parser-1.3.5.tgz',
305 verbose addRemoteTarball   '9d755570fb5d17890771227a02314d9be7cf8356' ]
306 verbose addRemoteTarball [ 'https://registry.npmjs.org/express-session/-/express-session-1.11.3.tgz',
306 verbose addRemoteTarball   '5cc98f3f5ff84ed835f91cbf0aabd0c7107400af' ]
307 verbose addRemoteTarball [ 'https://registry.npmjs.org/express-handlebars/-/express-handlebars-2.0.1.tgz',
307 verbose addRemoteTarball   '975661ffebd6e79463230ba4c8e0ca5cd0522fb1' ]
308 info retry fetch attempt 1 at 14:47:05
309 verbose fetch to= /tmp/npm-3072-ELfTqR21/registry.npmjs.org/cookie-parser/-/cookie-parser-1.3.5.tgz
310 info retry fetch attempt 1 at 14:47:05
311 verbose fetch to= /tmp/npm-3072-ELfTqR21/registry.npmjs.org/express-session/-/express-session-1.11.3.tgz
312 info retry fetch attempt 1 at 14:47:05
313 verbose fetch to= /tmp/npm-3072-ELfTqR21/registry.npmjs.org/express-handlebars/-/express-handlebars-2.0.1.tgz
314 http GET https://registry.npmjs.org/cookie-parser/-/cookie-parser-1.3.5.tgz
315 http GET https://registry.npmjs.org/express-session/-/express-session-1.11.3.tgz
316 http GET https://registry.npmjs.org/express-handlebars/-/express-handlebars-2.0.1.tgz
317 http 200 https://registry.npmjs.org/serve-favicon
318 silly registry.get cb [ 200,
318 silly registry.get   { server: 'CouchDB/1.5.0 (Erlang OTP/R16B03)',
318 silly registry.get     etag: '"AMVBSBF72YHRABB1ZWHLQNVI1"',
318 silly registry.get     'content-type': 'application/json',
318 silly registry.get     'cache-control': 'max-age=60',
318 silly registry.get     'content-length': '23812',
318 silly registry.get     'accept-ranges': 'bytes',
318 silly registry.get     date: 'Sat, 27 Jun 2015 20:47:04 GMT',
318 silly registry.get     via: '1.1 varnish',
318 silly registry.get     age: '0',
318 silly registry.get     connection: 'keep-alive',
318 silly registry.get     'x-served-by': 'cache-lax1434-LAX',
318 silly registry.get     'x-cache': 'HIT',
318 silly registry.get     'x-cache-hits': '1',
318 silly registry.get     'x-timer': 'S1435438024.633310,VS0,VE334',
318 silly registry.get     vary: 'Accept' } ]
319 silly addNameRange number 2 { name: 'serve-favicon',
319 silly addNameRange   range: '>=2.2.0-0 <2.3.0-0',
319 silly addNameRange   hasData: true }
320 silly addNameRange versions [ 'serve-favicon',
320 silly addNameRange   [ '2.0.0',
320 silly addNameRange     '2.0.1',
320 silly addNameRange     '2.1.0',
320 silly addNameRange     '2.1.1',
320 silly addNameRange     '2.1.2',
320 silly addNameRange     '2.1.3',
320 silly addNameRange     '2.1.4',
320 silly addNameRange     '2.1.5',
320 silly addNameRange     '2.1.6',
320 silly addNameRange     '2.1.7',
320 silly addNameRange     '2.2.0',
320 silly addNameRange     '2.2.1',
320 silly addNameRange     '2.3.0' ] ]
321 verbose addNamed [ 'serve-favicon', '2.2.1' ]
322 verbose addNamed [ '2.2.1', '2.2.1' ]
323 silly lockFile 6918e89a-serve-favicon-2-2-1 serve-favicon@2.2.1
324 verbose lock serve-favicon@2.2.1 /home/cassidyjames/.npm/6918e89a-serve-favicon-2-2-1.lock
325 http 200 https://registry.npmjs.org/passport
326 silly registry.get cb [ 200,
326 silly registry.get   { server: 'CouchDB/1.5.0 (Erlang OTP/R16B03)',
326 silly registry.get     etag: '"AYEN7G25JNA08QIC3YYDM6LOU"',
326 silly registry.get     'content-type': 'application/json',
326 silly registry.get     'cache-control': 'max-age=60',
326 silly registry.get     'content-length': '36349',
326 silly registry.get     'accept-ranges': 'bytes',
326 silly registry.get     date: 'Sat, 27 Jun 2015 20:47:05 GMT',
326 silly registry.get     via: '1.1 varnish',
326 silly registry.get     age: '0',
326 silly registry.get     connection: 'keep-alive',
326 silly registry.get     'x-served-by': 'cache-lax1427-LAX',
326 silly registry.get     'x-cache': 'HIT',
326 silly registry.get     'x-cache-hits': '1',
326 silly registry.get     'x-timer': 'S1435438024.845406,VS0,VE194',
326 silly registry.get     vary: 'Accept' } ]
327 silly addNameRange number 2 { name: 'passport', range: '>=0.2.1-0 <0.3.0-0', hasData: true }
328 silly addNameRange versions [ 'passport',
328 silly addNameRange   [ '0.1.0',
328 silly addNameRange     '0.1.1',
328 silly addNameRange     '0.1.2',
328 silly addNameRange     '0.1.3',
328 silly addNameRange     '0.1.4',
328 silly addNameRange     '0.1.5',
328 silly addNameRange     '0.1.6',
328 silly addNameRange     '0.1.7',
328 silly addNameRange     '0.1.8',
328 silly addNameRange     '0.1.9',
328 silly addNameRange     '0.1.10',
328 silly addNameRange     '0.1.11',
328 silly addNameRange     '0.1.12',
328 silly addNameRange     '0.1.13',
328 silly addNameRange     '0.1.14',
328 silly addNameRange     '0.1.15',
328 silly addNameRange     '0.1.16',
328 silly addNameRange     '0.1.17',
328 silly addNameRange     '0.1.18',
328 silly addNameRange     '0.2.0',
328 silly addNameRange     '0.2.1',
328 silly addNameRange     '0.2.2' ] ]
329 verbose addNamed [ 'passport', '0.2.2' ]
330 verbose addNamed [ '0.2.2', '0.2.2' ]
331 silly lockFile e0584552-passport-0-2-2 passport@0.2.2
332 verbose lock passport@0.2.2 /home/cassidyjames/.npm/e0584552-passport-0-2-2.lock
333 silly lockFile 9e8bc462--favicon-serve-favicon-2-2-1-tgz https://registry.npmjs.org/serve-favicon/-/serve-favicon-2.2.1.tgz
334 verbose lock https://registry.npmjs.org/serve-favicon/-/serve-favicon-2.2.1.tgz /home/cassidyjames/.npm/9e8bc462--favicon-serve-favicon-2-2-1-tgz.lock
335 verbose addRemoteTarball [ 'https://registry.npmjs.org/serve-favicon/-/serve-favicon-2.2.1.tgz',
335 verbose addRemoteTarball   'd97bacc150f66fe0e5cc4c78a84ba15bae5a584a' ]
336 silly lockFile b56d6135--org-passport-passport-0-2-2-tgz https://registry.npmjs.org/passport/-/passport-0.2.2.tgz
337 verbose lock https://registry.npmjs.org/passport/-/passport-0.2.2.tgz /home/cassidyjames/.npm/b56d6135--org-passport-passport-0-2-2-tgz.lock
338 verbose addRemoteTarball [ 'https://registry.npmjs.org/passport/-/passport-0.2.2.tgz',
338 verbose addRemoteTarball   '9c38f17beb929f3d81af7b8838e8430db8703f2b' ]
339 info retry fetch attempt 1 at 14:47:05
340 verbose fetch to= /tmp/npm-3072-ELfTqR21/registry.npmjs.org/serve-favicon/-/serve-favicon-2.2.1.tgz
341 info retry fetch attempt 1 at 14:47:05
342 verbose fetch to= /tmp/npm-3072-ELfTqR21/registry.npmjs.org/passport/-/passport-0.2.2.tgz
343 http GET https://registry.npmjs.org/serve-favicon/-/serve-favicon-2.2.1.tgz
344 http GET https://registry.npmjs.org/passport/-/passport-0.2.2.tgz
345 http 200 https://registry.npmjs.org/hubkit
346 silly registry.get cb [ 200,
346 silly registry.get   { server: 'CouchDB/1.5.0 (Erlang OTP/R16B03)',
346 silly registry.get     etag: '"OYMD4LIRRSSZ9N4I2PHJZ133"',
346 silly registry.get     'content-type': 'application/json',
346 silly registry.get     'cache-control': 'max-age=60',
346 silly registry.get     'content-length': '48434',
346 silly registry.get     'accept-ranges': 'bytes',
346 silly registry.get     date: 'Sat, 27 Jun 2015 20:47:05 GMT',
346 silly registry.get     via: '1.1 varnish',
346 silly registry.get     age: '0',
346 silly registry.get     connection: 'keep-alive',
346 silly registry.get     'x-served-by': 'cache-lax1428-LAX',
346 silly registry.get     'x-cache': 'MISS',
346 silly registry.get     'x-cache-hits': '0',
346 silly registry.get     'x-timer': 'S1435438024.632814,VS0,VE454',
346 silly registry.get     vary: 'Accept' } ]
347 http 200 https://registry.npmjs.org/passport-github
348 silly registry.get cb [ 200,
348 silly registry.get   { server: 'CouchDB/1.5.0 (Erlang OTP/R16B03)',
348 silly registry.get     etag: '"D0KDSLLIOQ1CIE18O64P7EZI0"',
348 silly registry.get     'content-type': 'application/json',
348 silly registry.get     'cache-control': 'max-age=60',
348 silly registry.get     'content-length': '12318',
348 silly registry.get     'accept-ranges': 'bytes',
348 silly registry.get     date: 'Sat, 27 Jun 2015 20:47:05 GMT',
348 silly registry.get     via: '1.1 varnish',
348 silly registry.get     age: '0',
348 silly registry.get     connection: 'keep-alive',
348 silly registry.get     'x-served-by': 'cache-lax1433-LAX',
348 silly registry.get     'x-cache': 'HIT',
348 silly registry.get     'x-cache-hits': '1',
348 silly registry.get     'x-timer': 'S1435438024.851254,VS0,VE304',
348 silly registry.get     vary: 'Accept' } ]
349 http 200 https://registry.npmjs.org/morgan/-/morgan-1.5.3.tgz
350 silly addNameRange number 2 { name: 'hubkit', range: '>=0.1.31-0 <0.2.0-0', hasData: true }
351 silly addNameRange versions [ 'hubkit',
351 silly addNameRange   [ '0.1.0',
351 silly addNameRange     '0.1.1',
351 silly addNameRange     '0.1.2',
351 silly addNameRange     '0.1.3',
351 silly addNameRange     '0.1.4',
351 silly addNameRange     '0.1.5',
351 silly addNameRange     '0.1.6',
351 silly addNameRange     '0.1.7',
351 silly addNameRange     '0.1.8',
351 silly addNameRange     '0.1.9',
351 silly addNameRange     '0.1.10',
351 silly addNameRange     '0.1.11',
351 silly addNameRange     '0.1.12',
351 silly addNameRange     '0.1.13',
351 silly addNameRange     '0.1.14',
351 silly addNameRange     '0.1.15',
351 silly addNameRange     '0.1.16',
351 silly addNameRange     '0.1.17',
351 silly addNameRange     '0.1.18',
351 silly addNameRange     '0.1.19',
351 silly addNameRange     '0.1.20',
351 silly addNameRange     '0.1.21',
351 silly addNameRange     '0.1.22',
351 silly addNameRange     '0.1.23',
351 silly addNameRange     '0.1.24',
351 silly addNameRange     '0.1.25',
351 silly addNameRange     '0.1.26',
351 silly addNameRange     '0.1.28',
351 silly addNameRange     '0.1.29',
351 silly addNameRange     '0.1.30',
351 silly addNameRange     '0.1.31',
351 silly addNameRange     '0.1.32',
351 silly addNameRange     '0.1.33',
351 silly addNameRange     '0.1.34',
351 silly addNameRange     '0.1.35',
351 silly addNameRange     '0.1.36',
351 silly addNameRange     '0.2.0' ] ]
352 verbose addNamed [ 'hubkit', '0.1.36' ]
353 verbose addNamed [ '0.1.36', '0.1.36' ]
354 silly lockFile 25f44e00-hubkit-0-1-36 hubkit@0.1.36
355 verbose lock hubkit@0.1.36 /home/cassidyjames/.npm/25f44e00-hubkit-0-1-36.lock
356 silly addNameRange number 2 { name: 'passport-github',
356 silly addNameRange   range: '>=0.1.5-0 <0.2.0-0',
356 silly addNameRange   hasData: true }
357 silly addNameRange versions [ 'passport-github',
357 silly addNameRange   [ '0.1.0', '0.1.1', '0.1.2', '0.1.3', '0.1.4', '0.1.5' ] ]
358 verbose addNamed [ 'passport-github', '0.1.5' ]
359 verbose addNamed [ '0.1.5', '0.1.5' ]
360 silly lockFile 2fb3cdcf-passport-github-0-1-5 passport-github@0.1.5
361 verbose lock passport-github@0.1.5 /home/cassidyjames/.npm/2fb3cdcf-passport-github-0-1-5.lock
362 silly lockFile 491383d5-pmjs-org-morgan-morgan-1-5-3-tgz https://registry.npmjs.org/morgan/-/morgan-1.5.3.tgz
363 silly lockFile 491383d5-pmjs-org-morgan-morgan-1-5-3-tgz https://registry.npmjs.org/morgan/-/morgan-1.5.3.tgz
364 silly lockFile 012ce855-morgan-1-5-3 morgan@1.5.3
365 silly lockFile 012ce855-morgan-1-5-3 morgan@1.5.3
366 silly lockFile 711ba572-morgan-1-5-2 morgan@~1.5.2
367 silly lockFile 711ba572-morgan-1-5-2 morgan@~1.5.2
368 silly lockFile 2c63a46e-github-passport-github-0-1-5-tgz https://registry.npmjs.org/passport-github/-/passport-github-0.1.5.tgz
369 verbose lock https://registry.npmjs.org/passport-github/-/passport-github-0.1.5.tgz /home/cassidyjames/.npm/2c63a46e-github-passport-github-0-1-5-tgz.lock
370 silly lockFile 7b250a3c-mjs-org-hubkit-hubkit-0-1-36-tgz https://registry.npmjs.org/hubkit/-/hubkit-0.1.36.tgz
371 verbose lock https://registry.npmjs.org/hubkit/-/hubkit-0.1.36.tgz /home/cassidyjames/.npm/7b250a3c-mjs-org-hubkit-hubkit-0-1-36-tgz.lock
372 verbose addRemoteTarball [ 'https://registry.npmjs.org/passport-github/-/passport-github-0.1.5.tgz',
372 verbose addRemoteTarball   '258ebb75af40cdc4e3af11be3a138b75c1f865c1' ]
373 verbose addRemoteTarball [ 'https://registry.npmjs.org/hubkit/-/hubkit-0.1.36.tgz',
373 verbose addRemoteTarball   'b66ebaab753da2c3197399cffe4adf56b4701d1b' ]
374 info retry fetch attempt 1 at 14:47:05
375 verbose fetch to= /tmp/npm-3072-ELfTqR21/registry.npmjs.org/passport-github/-/passport-github-0.1.5.tgz
376 info retry fetch attempt 1 at 14:47:05
377 verbose fetch to= /tmp/npm-3072-ELfTqR21/registry.npmjs.org/hubkit/-/hubkit-0.1.36.tgz
378 http GET https://registry.npmjs.org/passport-github/-/passport-github-0.1.5.tgz
379 http GET https://registry.npmjs.org/hubkit/-/hubkit-0.1.36.tgz
380 http 200 https://registry.npmjs.org/serve-favicon/-/serve-favicon-2.2.1.tgz
381 silly lockFile 9e8bc462--favicon-serve-favicon-2-2-1-tgz https://registry.npmjs.org/serve-favicon/-/serve-favicon-2.2.1.tgz
382 silly lockFile 9e8bc462--favicon-serve-favicon-2-2-1-tgz https://registry.npmjs.org/serve-favicon/-/serve-favicon-2.2.1.tgz
383 silly lockFile 6918e89a-serve-favicon-2-2-1 serve-favicon@2.2.1
384 silly lockFile 6918e89a-serve-favicon-2-2-1 serve-favicon@2.2.1
385 silly lockFile 9df5bad7-serve-favicon-2-2-0 serve-favicon@~2.2.0
386 silly lockFile 9df5bad7-serve-favicon-2-2-0 serve-favicon@~2.2.0
387 http 200 https://registry.npmjs.org/debug
388 silly registry.get cb [ 200,
388 silly registry.get   { server: 'CouchDB/1.5.0 (Erlang OTP/R16B03)',
388 silly registry.get     etag: '"B4SB2Y9JZOQ84SENBEDU723HX"',
388 silly registry.get     'content-type': 'application/json',
388 silly registry.get     'cache-control': 'max-age=60',
388 silly registry.get     'content-length': '34786',
388 silly registry.get     'accept-ranges': 'bytes',
388 silly registry.get     date: 'Sat, 27 Jun 2015 20:47:05 GMT',
388 silly registry.get     via: '1.1 varnish',
388 silly registry.get     age: '39',
388 silly registry.get     connection: 'keep-alive',
388 silly registry.get     'x-served-by': 'cache-lax1434-LAX',
388 silly registry.get     'x-cache': 'HIT',
388 silly registry.get     'x-cache-hits': '3',
388 silly registry.get     'x-timer': 'S1435438025.427221,VS0,VE0',
388 silly registry.get     vary: 'Accept' } ]
389 silly addNameRange number 2 { name: 'debug', range: '>=2.1.3-0 <2.2.0-0', hasData: true }
390 silly addNameRange versions [ 'debug',
390 silly addNameRange   [ '0.0.1',
390 silly addNameRange     '0.1.0',
390 silly addNameRange     '0.2.0',
390 silly addNameRange     '0.3.0',
390 silly addNameRange     '0.4.0',
390 silly addNameRange     '0.4.1',
390 silly addNameRange     '0.5.0',
390 silly addNameRange     '0.6.0',
390 silly addNameRange     '0.7.0',
390 silly addNameRange     '0.7.1',
390 silly addNameRange     '0.7.2',
390 silly addNameRange     '0.7.3',
390 silly addNameRange     '0.7.4',
390 silly addNameRange     '0.8.0',
390 silly addNameRange     '0.8.1',
390 silly addNameRange     '1.0.0',
390 silly addNameRange     '1.0.1',
390 silly addNameRange     '1.0.2',
390 silly addNameRange     '1.0.3',
390 silly addNameRange     '1.0.4',
390 silly addNameRange     '2.0.0',
390 silly addNameRange     '2.1.0',
390 silly addNameRange     '2.1.1',
390 silly addNameRange     '2.1.2',
390 silly addNameRange     '2.1.3',
390 silly addNameRange     '2.2.0' ] ]
391 verbose addNamed [ 'debug', '2.1.3' ]
392 verbose addNamed [ '2.1.3', '2.1.3' ]
393 silly lockFile aef7a5b5-debug-2-1-3 debug@2.1.3
394 verbose lock debug@2.1.3 /home/cassidyjames/.npm/aef7a5b5-debug-2-1-3.lock
395 http 200 https://registry.npmjs.org/passport/-/passport-0.2.2.tgz
396 silly lockFile b56d6135--org-passport-passport-0-2-2-tgz https://registry.npmjs.org/passport/-/passport-0.2.2.tgz
397 silly lockFile b56d6135--org-passport-passport-0-2-2-tgz https://registry.npmjs.org/passport/-/passport-0.2.2.tgz
398 silly lockFile e0584552-passport-0-2-2 passport@0.2.2
399 silly lockFile e0584552-passport-0-2-2 passport@0.2.2
400 silly lockFile 1fd79679-passport-0-2-1 passport@~0.2.1
401 silly lockFile 1fd79679-passport-0-2-1 passport@~0.2.1
402 http 200 https://registry.npmjs.org/body-parser
403 silly registry.get cb [ 200,
403 silly registry.get   { server: 'CouchDB/1.5.0 (Erlang OTP/R16B03)',
403 silly registry.get     etag: '"F589Q9ZM1Z9GELNL7UZBOW6C8"',
403 silly registry.get     'content-type': 'application/json',
403 silly registry.get     'cache-control': 'max-age=60',
403 silly registry.get     'content-length': '101684',
403 silly registry.get     'accept-ranges': 'bytes',
403 silly registry.get     date: 'Sat, 27 Jun 2015 20:47:05 GMT',
403 silly registry.get     via: '1.1 varnish',
403 silly registry.get     age: '11',
403 silly registry.get     connection: 'keep-alive',
403 silly registry.get     'x-served-by': 'cache-lax1427-LAX',
403 silly registry.get     'x-cache': 'HIT',
403 silly registry.get     'x-cache-hits': '1',
403 silly registry.get     'x-timer': 'S1435438025.339557,VS0,VE0',
403 silly registry.get     vary: 'Accept' } ]
404 http 200 https://registry.npmjs.org/passport-github/-/passport-github-0.1.5.tgz
405 silly lockFile 2c63a46e-github-passport-github-0-1-5-tgz https://registry.npmjs.org/passport-github/-/passport-github-0.1.5.tgz
406 silly lockFile 2c63a46e-github-passport-github-0-1-5-tgz https://registry.npmjs.org/passport-github/-/passport-github-0.1.5.tgz
407 silly lockFile 2fb3cdcf-passport-github-0-1-5 passport-github@0.1.5
408 silly lockFile 2fb3cdcf-passport-github-0-1-5 passport-github@0.1.5
409 silly lockFile 48b62dda-passport-github-0-1-5 passport-github@~0.1.5
410 silly lockFile 48b62dda-passport-github-0-1-5 passport-github@~0.1.5
411 silly addNameRange number 2 { name: 'body-parser',
411 silly addNameRange   range: '>=1.12.3-0 <1.13.0-0',
411 silly addNameRange   hasData: true }
412 silly addNameRange versions [ 'body-parser',
412 silly addNameRange   [ '1.0.0',
412 silly addNameRange     '1.0.1',
412 silly addNameRange     '1.0.2',
412 silly addNameRange     '1.1.0',
412 silly addNameRange     '1.1.1',
412 silly addNameRange     '1.1.2',
412 silly addNameRange     '1.2.0',
412 silly addNameRange     '1.2.1',
412 silly addNameRange     '1.2.2',
412 silly addNameRange     '1.3.0',
412 silly addNameRange     '1.3.1',
412 silly addNameRange     '1.4.0',
412 silly addNameRange     '1.4.1',
412 silly addNameRange     '1.4.2',
412 silly addNameRange     '1.4.3',
412 silly addNameRange     '1.5.0',
412 silly addNameRange     '1.5.1',
412 silly addNameRange     '1.5.2',
412 silly addNameRange     '1.6.0',
412 silly addNameRange     '1.6.1',
412 silly addNameRange     '1.6.2',
412 silly addNameRange     '1.6.3',
412 silly addNameRange     '1.6.4',
412 silly addNameRange     '1.6.5',
412 silly addNameRange     '1.6.6',
412 silly addNameRange     '1.6.7',
412 silly addNameRange     '1.7.0',
412 silly addNameRange     '1.8.0',
412 silly addNameRange     '1.8.1',
412 silly addNameRange     '1.8.2',
412 silly addNameRange     '1.8.3',
412 silly addNameRange     '1.8.4',
412 silly addNameRange     '1.9.0',
412 silly addNameRange     '1.9.1',
412 silly addNameRange     '1.9.2',
412 silly addNameRange     '1.9.3',
412 silly addNameRange     '1.10.0',
412 silly addNameRange     '1.10.1',
412 silly addNameRange     '1.10.2',
412 silly addNameRange     '1.11.0',
412 silly addNameRange     '1.12.0',
412 silly addNameRange     '1.12.1',
412 silly addNameRange     '1.12.2',
412 silly addNameRange     '1.12.3',
412 silly addNameRange     '1.12.4',
412 silly addNameRange     '1.13.0',
412 silly addNameRange     '1.13.1' ] ]
413 verbose addNamed [ 'body-parser', '1.12.4' ]
414 verbose addNamed [ '1.12.4', '1.12.4' ]
415 silly lockFile b06c8939-body-parser-1-12-4 body-parser@1.12.4
416 verbose lock body-parser@1.12.4 /home/cassidyjames/.npm/b06c8939-body-parser-1-12-4.lock
417 silly lockFile aef7a5b5-debug-2-1-3 debug@2.1.3
418 silly lockFile aef7a5b5-debug-2-1-3 debug@2.1.3
419 silly lockFile efc727c9-debug-2-1-3 debug@~2.1.3
420 silly lockFile efc727c9-debug-2-1-3 debug@~2.1.3
421 silly lockFile 36923138-dy-parser-body-parser-1-12-4-tgz https://registry.npmjs.org/body-parser/-/body-parser-1.12.4.tgz
422 verbose lock https://registry.npmjs.org/body-parser/-/body-parser-1.12.4.tgz /home/cassidyjames/.npm/36923138-dy-parser-body-parser-1-12-4-tgz.lock
423 verbose addRemoteTarball [ 'https://registry.npmjs.org/body-parser/-/body-parser-1.12.4.tgz',
423 verbose addRemoteTarball   '090700c4ba28862a8520ef378395fdee5f61c229' ]
424 info retry fetch attempt 1 at 14:47:06
425 verbose fetch to= /tmp/npm-3072-ELfTqR21/registry.npmjs.org/body-parser/-/body-parser-1.12.4.tgz
426 http GET https://registry.npmjs.org/body-parser/-/body-parser-1.12.4.tgz
427 http 200 https://registry.npmjs.org/mongoose
428 silly registry.get cb [ 200,
428 silly registry.get   { server: 'CouchDB/1.5.0 (Erlang OTP/R16B03)',
428 silly registry.get     etag: '"8MNN6UV395QGN8PJB6LOTCYRZ"',
428 silly registry.get     'content-type': 'application/json',
428 silly registry.get     'cache-control': 'max-age=60',
428 silly registry.get     'content-length': '330983',
428 silly registry.get     'accept-ranges': 'bytes',
428 silly registry.get     date: 'Sat, 27 Jun 2015 20:47:05 GMT',
428 silly registry.get     via: '1.1 varnish',
428 silly registry.get     age: '0',
428 silly registry.get     connection: 'keep-alive',
428 silly registry.get     'x-served-by': 'cache-lax1434-LAX',
428 silly registry.get     'x-cache': 'HIT',
428 silly registry.get     'x-cache-hits': '1',
428 silly registry.get     'x-timer': 'S1435438024.837370,VS0,VE181',
428 silly registry.get     vary: 'Accept' } ]
429 silly addNameRange number 2 { name: 'mongoose', range: '>=4.0.2-0 <4.1.0-0', hasData: true }
430 silly addNameRange versions [ 'mongoose',
430 silly addNameRange   [ '0.0.1',
430 silly addNameRange     '0.0.2',
430 silly addNameRange     '0.0.3',
430 silly addNameRange     '0.0.4',
430 silly addNameRange     '0.0.5',
430 silly addNameRange     '1.0.0',
430 silly addNameRange     '1.0.1',
430 silly addNameRange     '1.0.2',
430 silly addNameRange     '0.0.6',
430 silly addNameRange     '1.0.3',
430 silly addNameRange     '1.0.4',
430 silly addNameRange     '1.0.5',
430 silly addNameRange     '1.0.6',
430 silly addNameRange     '1.0.7',
430 silly addNameRange     '1.0.8',
430 silly addNameRange     '1.0.10',
430 silly addNameRange     '1.0.11',
430 silly addNameRange     '1.0.12',
430 silly addNameRange     '1.0.13',
430 silly addNameRange     '1.0.14',
430 silly addNameRange     '1.0.15',
430 silly addNameRange     '1.0.16',
430 silly addNameRange     '1.1.0',
430 silly addNameRange     '1.1.1',
430 silly addNameRange     '1.1.2',
430 silly addNameRange     '1.1.3',
430 silly addNameRange     '1.1.4',
430 silly addNameRange     '1.1.5',
430 silly addNameRange     '1.1.6',
430 silly addNameRange     '1.1.7',
430 silly addNameRange     '1.1.8',
430 silly addNameRange     '1.1.9',
430 silly addNameRange     '1.1.10',
430 silly addNameRange     '1.1.11',
430 silly addNameRange     '1.1.12',
430 silly addNameRange     '1.1.13',
430 silly addNameRange     '1.1.14',
430 silly addNameRange     '1.1.15',
430 silly addNameRange     '1.1.16',
430 silly addNameRange     '1.1.17',
430 silly addNameRange     '1.1.18',
430 silly addNameRange     '1.1.19',
430 silly addNameRange     '1.1.20',
430 silly addNameRange     '1.1.21',
430 silly addNameRange     '1.1.22',
430 silly addNameRange     '1.1.23',
430 silly addNameRange     '1.1.24',
430 silly addNameRange     '1.1.25',
430 silly addNameRange     '1.2.0',
430 silly addNameRange     '1.3.0',
430 silly addNameRange     '1.3.1',
430 silly addNameRange     '1.3.2',
430 silly addNameRange     '1.3.3',
430 silly addNameRange     '1.3.4',
430 silly addNameRange     '1.3.5',
430 silly addNameRange     '1.3.6',
430 silly addNameRange     '1.3.7',
430 silly addNameRange     '1.4.0',
430 silly addNameRange     '1.5.0',
430 silly addNameRange     '1.6.0',
430 silly addNameRange     '1.7.2',
430 silly addNameRange     '1.7.3',
430 silly addNameRange     '1.7.4',
430 silly addNameRange     '1.8.0',
430 silly addNameRange     '1.8.1',
430 silly addNameRange     '1.8.2',
430 silly addNameRange     '1.8.3',
430 silly addNameRange     '1.8.4',
430 silly addNameRange     '2.0.0',
430 silly addNameRange     '2.0.1',
430 silly addNameRange     '2.0.2',
430 silly addNameRange     '2.0.3',
430 silly addNameRange     '2.0.4',
430 silly addNameRange     '2.1.0',
430 silly addNameRange     '2.1.1',
430 silly addNameRange     '2.1.2',
430 silly addNameRange     '2.1.3',
430 silly addNameRange     '2.1.4',
430 silly addNameRange     '2.2.0',
430 silly addNameRange     '2.2.1',
430 silly addNameRange     '2.2.2',
430 silly addNameRange     '2.2.3',
430 silly addNameRange     '2.2.4',
430 silly addNameRange     '2.3.0',
430 silly addNameRange     '2.3.1',
430 silly addNameRange     '2.3.2',
430 silly addNameRange     '2.3.3',
430 silly addNameRange     '2.3.4',
430 silly addNameRange     '2.3.5',
430 silly addNameRange     '2.3.6',
430 silly addNameRange     '2.3.7',
430 silly addNameRange     '2.3.8',
430 silly addNameRange     '2.3.9',
430 silly addNameRange     '2.3.10',
430 silly addNameRange     '2.3.11',
430 silly addNameRange     '2.3.12',
430 silly addNameRange     '2.3.13',
430 silly addNameRange     '2.4.0',
430 silly addNameRange     '2.4.1',
430 silly addNameRange     '2.4.2',
430 silly addNameRange     '2.4.3',
430 silly addNameRange     '2.4.4',
430 silly addNameRange     '2.4.5',
430 silly addNameRange     '2.4.6',
430 silly addNameRange     '2.4.7',
430 silly addNameRange     '2.4.8',
430 silly addNameRange     '2.4.9',
430 silly addNameRange     '2.4.10',
430 silly addNameRange     '2.5.0',
430 silly addNameRange     '2.5.1',
430 silly addNameRange     '2.5.2',
430 silly addNameRange     '2.5.3',
430 silly addNameRange     '2.5.4',
430 silly addNameRange     '2.5.5',
430 silly addNameRange     '2.5.6',
430 silly addNameRange     '2.5.7',
430 silly addNameRange     '2.5.8',
430 silly addNameRange     '2.5.9',
430 silly addNameRange     '2.5.10',
430 silly addNameRange     '2.5.11',
430 silly addNameRange     '2.5.12',
430 silly addNameRange     '2.5.13',
430 silly addNameRange     '2.5.14',
430 silly addNameRange     '2.6.0',
430 silly addNameRange     '2.6.1',
430 silly addNameRange     '2.6.2',
430 silly addNameRange     '2.6.3',
430 silly addNameRange     '2.6.4',
430 silly addNameRange     '2.6.5',
430 silly addNameRange     '2.6.6',
430 silly addNameRange     '2.6.7',
430 silly addNameRange     '2.6.8',
430 silly addNameRange     '2.7.0',
430 silly addNameRange     '2.7.1',
430 silly addNameRange     '2.7.2',
430 silly addNameRange     '2.7.4',
430 silly addNameRange     '2.7.3',
430 silly addNameRange     '3.0.0',
430 silly addNameRange     '3.0.1',
430 silly addNameRange     '3.0.2',
430 silly addNameRange     '2.8.0',
430 silly addNameRange     '3.0.3',
430 silly addNameRange     '3.1.0',
430 silly addNameRange     '2.8.1',
430 silly addNameRange     '3.1.1',
430 silly addNameRange     '2.8.2',
430 silly addNameRange     '2.8.3',
430 silly addNameRange     '2.9.0',
430 silly addNameRange     '3.2.0',
430 silly addNameRange     '2.9.1',
430 silly addNameRange     '3.2.1',
430 silly addNameRange     '2.9.2',
430 silly addNameRange     '3.2.2',
430 silly addNameRange     '3.3.0',
430 silly addNameRange     '3.3.1',
430 silly addNameRange     '2.9.3',
430 silly addNameRange     '3.4.0',
430 silly addNameRange     '2.9.4',
430 silly addNameRange     '2.9.5',
430 silly addNameRange     '3.5.0',
430 silly addNameRange     '3.5.1',
430 silly addNameRange     '3.5.2',
430 silly addNameRange     '3.5.3',
430 silly addNameRange     '2.9.6',
430 silly addNameRange     '2.9.7',
430 silly addNameRange     '3.5.4',
430 silly addNameRange     '3.5.5',
430 silly addNameRange     '2.9.8',
430 silly addNameRange     '2.9.9',
430 silly addNameRange     '3.5.6',
430 silly addNameRange     '3.5.7',
430 silly addNameRange     '3.5.8',
430 silly addNameRange     '2.9.10',
430 silly addNameRange     '3.5.9',
430 silly addNameRange     '3.6.2',
430 silly addNameRange     '3.5.10',
430 silly addNameRange     '3.6.3',
430 silly addNameRange     '3.5.11',
430 silly addNameRange     '3.6.4',
430 silly addNameRange     '3.6.5',
430 silly addNameRange     '3.6.6',
430 silly addNameRange     '3.6.7',
430 silly addNameRange     '3.5.12',
430 silly addNameRange     '3.6.8',
430 silly addNameRange     '3.6.9',
430 silly addNameRange     '3.6.10',
430 silly addNameRange     '3.5.13',
430 silly addNameRange     '3.5.14',
430 silly addNameRange     '3.6.11',
430 silly addNameRange     '3.6.12',
430 silly addNameRange     '3.6.13',
430 silly addNameRange     '3.6.14',
430 silly addNameRange     '3.6.15',
430 silly addNameRange     '3.5.15',
430 silly addNameRange     '3.7.0',
430 silly addNameRange     '3.6.16',
430 silly addNameRange     '3.5.16',
430 silly addNameRange     '3.6.17',
430 silly addNameRange     '3.7.2',
430 silly addNameRange     '3.0.0-alpha1',
430 silly addNameRange     '3.0.0-alpha2',
430 silly addNameRange     '3.0.0-rc0',
430 silly addNameRange     '3.6.0-rc0',
430 silly addNameRange     '3.6.0-rc1',
430 silly addNameRange     '3.6.18',
430 silly addNameRange     '3.7.3',
430 silly addNameRange     '3.6.19',
430 silly addNameRange     '3.6.20',
430 silly addNameRange     '3.7.4',
430 silly addNameRange     '3.8.0',
430 silly addNameRange     '3.8.1',
430 silly addNameRange     '3.8.2',
430 silly addNameRange     '3.8.3',
430 silly addNameRange     '3.8.4',
430 silly addNameRange     '3.8.5',
430 silly addNameRange     '3.8.6',
430 silly addNameRange     '3.8.7',
430 silly addNameRange     '3.8.8',
430 silly addNameRange     '3.8.9',
430 silly addNameRange     '3.8.10',
430 silly addNameRange     '3.8.11',
430 silly addNameRange     '3.9.0',
430 silly addNameRange     '3.8.12',
430 silly addNameRange     '3.8.13',
430 silly addNameRange     '3.8.14',
430 silly addNameRange     '3.8.15',
430 silly addNameRange     '3.9.1',
430 silly addNameRange     '3.8.16',
430 silly addNameRange     '3.9.2',
430 silly addNameRange     '3.8.17',
430 silly addNameRange     '3.9.3',
430 silly addNameRange     '3.8.18',
430 silly addNameRange     '3.9.4',
430 silly addNameRange     '3.8.19',
430 silly addNameRange     '3.9.5',
430 silly addNameRange     '3.8.20',
430 silly addNameRange     '3.9.6',
430 silly addNameRange     '3.8.21',
430 silly addNameRange     '3.9.7',
430 silly addNameRange     '3.8.22',
430 silly addNameRange     '4.0.0-rc0',
430 silly addNameRange     '4.0.0-rc1',
430 silly addNameRange     '3.8.23',
430 silly addNameRange     '4.0.0-rc2',
430 silly addNameRange     '3.8.24',
430 silly addNameRange     '4.0.0-rc3',
430 silly addNameRange     '3.8.25',
430 silly addNameRange     '4.0.0-rc4',
430 silly addNameRange     '4.0.0',
430 silly addNameRange     '4.0.1',
430 silly addNameRange     '3.8.26',
430 silly addNameRange     '3.8.27',
430 silly addNameRange     '4.0.2',
430 silly addNameRange     '3.8.28',
430 silly addNameRange     '4.0.3',
430 silly addNameRange     '3.8.29',
430 silly addNameRange     '4.0.4',
430 silly addNameRange     '3.8.30',
430 silly addNameRange     '4.0.5',
430 silly addNameRange     '3.8.31',
430 silly addNameRange     '4.0.6' ] ]
431 verbose addNamed [ 'mongoose', '4.0.6' ]
432 verbose addNamed [ '4.0.6', '4.0.6' ]
433 silly lockFile 227d9fa2-mongoose-4-0-6 mongoose@4.0.6
434 verbose lock mongoose@4.0.6 /home/cassidyjames/.npm/227d9fa2-mongoose-4-0-6.lock
435 http 200 https://registry.npmjs.org/underscore/-/underscore-1.8.3.tgz
436 silly lockFile 1a058346--org-mongoose-mongoose-4-0-6-tgz https://registry.npmjs.org/mongoose/-/mongoose-4.0.6.tgz
437 verbose lock https://registry.npmjs.org/mongoose/-/mongoose-4.0.6.tgz /home/cassidyjames/.npm/1a058346--org-mongoose-mongoose-4-0-6-tgz.lock
438 verbose addRemoteTarball [ 'https://registry.npmjs.org/mongoose/-/mongoose-4.0.6.tgz',
438 verbose addRemoteTarball   '151203fecd1042a7787eb13214d0be85dfc55d94' ]
439 info retry fetch attempt 1 at 14:47:06
440 verbose fetch to= /tmp/npm-3072-ELfTqR21/registry.npmjs.org/mongoose/-/mongoose-4.0.6.tgz
441 http GET https://registry.npmjs.org/mongoose/-/mongoose-4.0.6.tgz
442 silly lockFile d5ea30aa--underscore-underscore-1-8-3-tgz https://registry.npmjs.org/underscore/-/underscore-1.8.3.tgz
443 silly lockFile d5ea30aa--underscore-underscore-1-8-3-tgz https://registry.npmjs.org/underscore/-/underscore-1.8.3.tgz
444 silly lockFile e5e32fca-underscore-1-8-3 underscore@1.8.3
445 silly lockFile e5e32fca-underscore-1-8-3 underscore@1.8.3
446 silly lockFile 46877b9b-underscore-1-8-3 underscore@~1.8.3
447 silly lockFile 46877b9b-underscore-1-8-3 underscore@~1.8.3
448 http 200 https://registry.npmjs.org/cookie-parser/-/cookie-parser-1.3.5.tgz
449 http 200 https://registry.npmjs.org/hubkit/-/hubkit-0.1.36.tgz
450 silly lockFile 4c901309-e-parser-cookie-parser-1-3-5-tgz https://registry.npmjs.org/cookie-parser/-/cookie-parser-1.3.5.tgz
451 silly lockFile 4c901309-e-parser-cookie-parser-1-3-5-tgz https://registry.npmjs.org/cookie-parser/-/cookie-parser-1.3.5.tgz
452 silly lockFile 7b250a3c-mjs-org-hubkit-hubkit-0-1-36-tgz https://registry.npmjs.org/hubkit/-/hubkit-0.1.36.tgz
453 silly lockFile 7b250a3c-mjs-org-hubkit-hubkit-0-1-36-tgz https://registry.npmjs.org/hubkit/-/hubkit-0.1.36.tgz
454 silly lockFile b6f1abc3-cookie-parser-1-3-5 cookie-parser@1.3.5
455 silly lockFile b6f1abc3-cookie-parser-1-3-5 cookie-parser@1.3.5
456 silly lockFile 25f44e00-hubkit-0-1-36 hubkit@0.1.36
457 silly lockFile 25f44e00-hubkit-0-1-36 hubkit@0.1.36
458 silly lockFile bb69fa92-cookie-parser-1-3-4 cookie-parser@~1.3.4
459 silly lockFile bb69fa92-cookie-parser-1-3-4 cookie-parser@~1.3.4
460 silly lockFile 1de11f6f-hubkit-0-1-31 hubkit@~0.1.31
461 silly lockFile 1de11f6f-hubkit-0-1-31 hubkit@~0.1.31
462 http 200 https://registry.npmjs.org/express-session/-/express-session-1.11.3.tgz
463 silly lockFile c09bdc8b-ssion-express-session-1-11-3-tgz https://registry.npmjs.org/express-session/-/express-session-1.11.3.tgz
464 silly lockFile c09bdc8b-ssion-express-session-1-11-3-tgz https://registry.npmjs.org/express-session/-/express-session-1.11.3.tgz
465 silly lockFile f67288dc-express-session-1-11-3 express-session@1.11.3
466 silly lockFile f67288dc-express-session-1-11-3 express-session@1.11.3
467 silly lockFile 4235f6c4-express-session-1-11-1 express-session@~1.11.1
468 silly lockFile 4235f6c4-express-session-1-11-1 express-session@~1.11.1
469 http 200 https://registry.npmjs.org/body-parser/-/body-parser-1.12.4.tgz
470 silly lockFile 36923138-dy-parser-body-parser-1-12-4-tgz https://registry.npmjs.org/body-parser/-/body-parser-1.12.4.tgz
471 silly lockFile 36923138-dy-parser-body-parser-1-12-4-tgz https://registry.npmjs.org/body-parser/-/body-parser-1.12.4.tgz
472 silly lockFile b06c8939-body-parser-1-12-4 body-parser@1.12.4
473 silly lockFile b06c8939-body-parser-1-12-4 body-parser@1.12.4
474 silly lockFile 8401e703-body-parser-1-12-3 body-parser@~1.12.3
475 silly lockFile 8401e703-body-parser-1-12-3 body-parser@~1.12.3
476 http 200 https://registry.npmjs.org/express-handlebars/-/express-handlebars-2.0.1.tgz
477 http 200 https://registry.npmjs.org/mongoose/-/mongoose-4.0.6.tgz
478 http 200 https://registry.npmjs.org/express
479 silly registry.get cb [ 200,
479 silly registry.get   { server: 'CouchDB/1.5.0 (Erlang OTP/R16B03)',
479 silly registry.get     etag: '"7DTNSZPQV3S9639TNGWEARV79"',
479 silly registry.get     'content-type': 'application/json',
479 silly registry.get     'cache-control': 'max-age=60',
479 silly registry.get     'content-length': '506118',
479 silly registry.get     'accept-ranges': 'bytes',
479 silly registry.get     date: 'Sat, 27 Jun 2015 20:47:05 GMT',
479 silly registry.get     via: '1.1 varnish',
479 silly registry.get     age: '0',
479 silly registry.get     connection: 'keep-alive',
479 silly registry.get     'x-served-by': 'cache-lax1428-LAX',
479 silly registry.get     'x-cache': 'HIT',
479 silly registry.get     'x-cache-hits': '1',
479 silly registry.get     'x-timer': 'S1435438025.795028,VS0,VE50',
479 silly registry.get     vary: 'Accept' } ]
480 silly addNameRange number 2 { name: 'express', range: '>=4.12.2-0 <4.13.0-0', hasData: true }
481 silly addNameRange versions [ 'express',
481 silly addNameRange   [ '0.14.0',
481 silly addNameRange     '0.14.1',
481 silly addNameRange     '1.0.0',
481 silly addNameRange     '1.0.1',
481 silly addNameRange     '1.0.2',
481 silly addNameRange     '1.0.3',
481 silly addNameRange     '1.0.4',
481 silly addNameRange     '1.0.5',
481 silly addNameRange     '1.0.6',
481 silly addNameRange     '1.0.7',
481 silly addNameRange     '1.0.8',
481 silly addNameRange     '2.0.0',
481 silly addNameRange     '2.1.0',
481 silly addNameRange     '2.1.1',
481 silly addNameRange     '2.2.0',
481 silly addNameRange     '2.2.1',
481 silly addNameRange     '2.2.2',
481 silly addNameRange     '2.3.0',
481 silly addNameRange     '2.3.1',
481 silly addNameRange     '2.3.2',
481 silly addNameRange     '2.3.3',
481 silly addNameRange     '2.3.4',
481 silly addNameRange     '2.3.5',
481 silly addNameRange     '2.3.6',
481 silly addNameRange     '2.3.7',
481 silly addNameRange     '2.3.8',
481 silly addNameRange     '2.3.9',
481 silly addNameRange     '2.3.10',
481 silly addNameRange     '2.3.11',
481 silly addNameRange     '2.3.12',
481 silly addNameRange     '2.4.0',
481 silly addNameRange     '2.4.1',
481 silly addNameRange     '2.4.2',
481 silly addNameRange     '2.4.3',
481 silly addNameRange     '2.4.4',
481 silly addNameRange     '2.4.5',
481 silly addNameRange     '2.4.6',
481 silly addNameRange     '2.4.7',
481 silly addNameRange     '2.5.0',
481 silly addNameRange     '2.5.1',
481 silly addNameRange     '2.5.2',
481 silly addNameRange     '2.5.3',
481 silly addNameRange     '2.5.4',
481 silly addNameRange     '2.5.5',
481 silly addNameRange     '2.5.6',
481 silly addNameRange     '2.5.7',
481 silly addNameRange     '2.5.8',
481 silly addNameRange     '2.5.9',
481 silly addNameRange     '2.5.10',
481 silly addNameRange     '2.5.11',
481 silly addNameRange     '3.0.0',
481 silly addNameRange     '3.0.1',
481 silly addNameRange     '3.0.2',
481 silly addNameRange     '3.0.3',
481 silly addNameRange     '3.0.4',
481 silly addNameRange     '3.0.5',
481 silly addNameRange     '3.0.6',
481 silly addNameRange     '3.1.0',
481 silly addNameRange     '3.1.1',
481 silly addNameRange     '3.1.2',
481 silly addNameRange     '3.2.0',
481 silly addNameRange     '3.2.1',
481 silly addNameRange     '3.2.2',
481 silly addNameRange     '3.2.3',
481 silly addNameRange     '3.2.4',
481 silly addNameRange     '3.2.5',
481 silly addNameRange     '3.2.6',
481 silly addNameRange     '3.3.0',
481 silly addNameRange     '3.3.1',
481 silly addNameRange     '3.3.2',
481 silly addNameRange     '3.3.3',
481 silly addNameRange     '3.3.4',
481 silly addNameRange     '3.3.5',
481 silly addNameRange     '3.3.6',
481 silly addNameRange     '1.0.0-beta',
481 silly addNameRange     '1.0.0-beta2',
481 silly addNameRange     '1.0.0-rc',
481 silly addNameRange     '1.0.0-rc2',
481 silly addNameRange     '1.0.0-rc3',
481 silly addNameRange     '1.0.0-rc4',
481 silly addNameRange     '2.0.0-beta',
481 silly addNameRange     '2.0.0-beta2',
481 silly addNameRange     '2.0.0-beta3',
481 silly addNameRange     '2.0.0-rc',
481 silly addNameRange     '2.0.0-rc2',
481 silly addNameRange     '2.0.0-rc3',
481 silly addNameRange     '3.0.0-alpha1',
481 silly addNameRange     '3.0.0-alpha2',
481 silly addNameRange     '3.0.0-alpha3',
481 silly addNameRange     '3.0.0-alpha4',
481 silly addNameRange     '3.0.0-alpha5',
481 silly addNameRange     '3.0.0-beta1',
481 silly addNameRange     '3.0.0-beta2',
481 silly addNameRange     '3.0.0-beta3',
481 silly addNameRange     '3.0.0-beta4',
481 silly addNameRange     '3.0.0-beta6',
481 silly addNameRange     '3.0.0-beta7',
481 silly addNameRange     '3.0.0-rc1',
481 silly addNameRange     '3.0.0-rc2',
481 silly addNameRange     '3.0.0-rc3',
481 silly addNameRange     '3.0.0-rc4',
481 silly addNameRange     '3.0.0-rc5',
481 silly addNameRange     '3.3.7',
481 silly addNameRange     '3.3.8',
481 silly addNameRange     '3.4.0',
481 silly addNameRange     '3.4.1',
481 silly addNameRange     '3.4.2',
481 silly addNameRange     '3.4.3',
481 silly addNameRange     '3.4.4',
481 silly addNameRange     '3.4.5',
481 silly addNameRange     '3.4.6',
481 silly addNameRange     '3.4.7',
481 silly addNameRange     '3.4.8',
481 silly addNameRange     '4.0.0-rc1',
481 silly addNameRange     '4.0.0-rc2',
481 silly addNameRange     '3.5.0',
481 silly addNameRange     '4.0.0-rc3',
481 silly addNameRange     '4.0.0-rc4',
481 silly addNameRange     '3.5.1',
481 silly addNameRange     '4.0.0',
481 silly addNameRange     '3.5.2',
481 silly addNameRange     '4.1.0',
481 silly addNameRange     '4.1.1',
481 silly addNameRange     '3.5.3',
481 silly addNameRange     '4.1.2',
481 silly addNameRange     '3.6.0',
481 silly addNameRange     '4.2.0',
481 silly addNameRange     '3.7.0',
481 silly addNameRange     '3.8.0',
481 silly addNameRange     '4.3.0',
481 silly addNameRange     '4.3.1',
481 silly addNameRange     '3.8.1',
481 silly addNameRange     '4.3.2',
481 silly addNameRange     '3.9.0',
481 silly addNameRange     '4.4.0',
481 silly addNameRange     '4.4.1',
481 silly addNameRange     '3.10.0',
481 silly addNameRange     '3.10.1',
481 silly addNameRange     '3.10.2',
481 silly addNameRange     '3.10.3',
481 silly addNameRange     '3.10.4',
481 silly addNameRange     '4.4.2',
481 silly addNameRange     '3.10.5',
481 silly addNameRange     '4.4.3',
481 silly addNameRange     '3.11.0',
481 silly addNameRange     '4.4.4',
481 silly addNameRange     '3.12.0',
481 silly addNameRange     '3.12.1',
481 silly addNameRange     '4.4.5',
481 silly addNameRange     '3.13.0',
481 silly addNameRange     '4.5.0',
481 silly addNameRange     '4.5.1',
481 silly addNameRange     '3.14.0',
481 silly addNameRange     '4.6.0',
481 silly addNameRange     '4.6.1',
481 silly addNameRange     '3.15.0',
481 silly addNameRange     '4.7.0',
481 silly addNameRange     '3.15.1',
481 silly addNameRange     '4.7.1',
481 silly addNameRange     '3.15.2',
481 silly addNameRange     '4.7.2',
481 silly addNameRange     '4.7.3',
481 silly addNameRange     '3.15.3',
481 silly addNameRange     '4.7.4',
481 silly addNameRange     '3.16.0',
481 silly addNameRange     '4.8.0',
481 silly addNameRange     '3.16.1',
481 silly addNameRange     '4.8.1',
481 silly addNameRange     '3.16.2',
481 silly addNameRange     '4.8.2',
481 silly addNameRange     '3.16.3',
481 silly addNameRange     '3.16.4',
481 silly addNameRange     '4.8.3',
481 silly addNameRange     '3.16.5',
481 silly addNameRange     '3.16.6',
481 silly addNameRange     '4.8.4',
481 silly addNameRange     '3.16.7',
481 silly addNameRange     '4.8.5',
481 silly addNameRange     '3.16.8',
481 silly addNameRange     '4.8.6',
481 silly addNameRange     '3.16.9',
481 silly addNameRange     '4.8.7',
481 silly addNameRange     '3.16.10',
481 silly addNameRange     '4.8.8',
481 silly addNameRange     '3.17.0',
481 silly addNameRange     '3.17.1',
481 silly addNameRange     '4.9.0',
481 silly addNameRange     '3.17.2',
481 silly addNameRange     '4.9.1',
481 silly addNameRange     '4.9.2',
481 silly addNameRange     '3.17.3',
481 silly addNameRange     '4.9.3',
481 silly addNameRange     '3.17.4',
481 silly addNameRange     '4.9.4',
481 silly addNameRange     '3.17.5',
481 silly addNameRange     '4.9.5',
481 silly addNameRange     '3.17.6',
481 silly addNameRange     '3.17.7',
481 silly addNameRange     '4.9.6',
481 silly addNameRange     '4.9.7',
481 silly addNameRange     '3.17.8',
481 silly addNameRange     '4.9.8',
481 silly addNameRange     '3.18.0',
481 silly addNameRange     '3.18.1',
481 silly addNameRange     '4.10.0',
481 silly addNameRange     '3.18.2',
481 silly addNameRange     '4.10.1',
481 silly addNameRange     '5.0.0-alpha.1',
481 silly addNameRange     '3.18.3',
481 silly addNameRange     '4.10.2',
481 silly addNameRange     '3.18.4',
481 silly addNameRange     '4.10.3',
481 silly addNameRange     '4.10.4',
481 silly addNameRange     '4.10.5',
481 silly addNameRange     '3.18.5',
481 silly addNameRange     '3.18.6',
481 silly addNameRange     '4.10.6',
481 silly addNameRange     '4.10.7',
481 silly addNameRange     '3.19.0',
481 silly addNameRange     '4.10.8',
481 silly addNameRange     '4.11.0',
481 silly addNameRange     '3.19.1',
481 silly addNameRange     '4.11.1',
481 silly addNameRange     '3.19.2',
481 silly addNameRange     '4.11.2',
481 silly addNameRange     '3.20.0',
481 silly addNameRange     '4.12.0',
481 silly addNameRange     '3.20.1',
481 silly addNameRange     '4.12.1',
481 silly addNameRange     '4.12.2',
481 silly addNameRange     '3.20.2',
481 silly addNameRange     '4.12.3',
481 silly addNameRange     '3.20.3',
481 silly addNameRange     '4.12.4',
481 silly addNameRange     '3.21.0',
481 silly addNameRange     '4.13.0' ] ]
482 verbose addNamed [ 'express', '4.12.4' ]
483 verbose addNamed [ '4.12.4', '4.12.4' ]
484 silly lockFile 3b813118-express-4-12-4 express@4.12.4
485 verbose lock express@4.12.4 /home/cassidyjames/.npm/3b813118-express-4-12-4.lock
486 silly lockFile b4df627e-ars-express-handlebars-2-0-1-tgz https://registry.npmjs.org/express-handlebars/-/express-handlebars-2.0.1.tgz
487 silly lockFile b4df627e-ars-express-handlebars-2-0-1-tgz https://registry.npmjs.org/express-handlebars/-/express-handlebars-2.0.1.tgz
488 silly lockFile da0d4227-express-handlebars-2-0-1 express-handlebars@2.0.1
489 silly lockFile da0d4227-express-handlebars-2-0-1 express-handlebars@2.0.1
490 silly lockFile 9acda559-express-handlebars-2-0-1 express-handlebars@~2.0.1
491 silly lockFile 9acda559-express-handlebars-2-0-1 express-handlebars@~2.0.1
492 silly lockFile 3b813118-express-4-12-4 express@4.12.4
493 silly lockFile 3b813118-express-4-12-4 express@4.12.4
494 silly lockFile 702f5120-express-4-12-2 express@~4.12.2
495 silly lockFile 702f5120-express-4-12-2 express@~4.12.2
496 silly lockFile 1a058346--org-mongoose-mongoose-4-0-6-tgz https://registry.npmjs.org/mongoose/-/mongoose-4.0.6.tgz
497 silly lockFile 1a058346--org-mongoose-mongoose-4-0-6-tgz https://registry.npmjs.org/mongoose/-/mongoose-4.0.6.tgz
498 silly lockFile 227d9fa2-mongoose-4-0-6 mongoose@4.0.6
499 silly lockFile 227d9fa2-mongoose-4-0-6 mongoose@4.0.6
500 silly lockFile 4de4dfd2-mongoose-4-0-2 mongoose@~4.0.2
501 silly lockFile 4de4dfd2-mongoose-4-0-2 mongoose@~4.0.2
502 error Error: EACCES, mkdir '/home/cassidyjames/.npm/underscore/1.8.3'
502 error  { [Error: EACCES, mkdir '/home/cassidyjames/.npm/underscore/1.8.3']
502 error   errno: 3,
502 error   code: 'EACCES',
502 error   path: '/home/cassidyjames/.npm/underscore/1.8.3',
502 error   parent: 'houston' }
503 error Please try running this command again as root/Administrator.
504 error System Linux 3.19.0-21-generic
505 error command "/usr/bin/node" "/usr/bin/npm" "install"
506 error cwd /home/cassidyjames/Projects/elementary/houston
507 error node -v v0.10.37
508 error npm -v 1.4.28
509 error path /home/cassidyjames/.npm/underscore/1.8.3
510 error code EACCES
511 error errno 3
512 error stack Error: EACCES, mkdir '/home/cassidyjames/.npm/underscore/1.8.3'
513 verbose exit [ 3, true ]
